TN:
SF:src\core\availabilityService.ts
FN:54,(anonymous_0)
FN:82,(anonymous_1)
FN:91,(anonymous_2)
FN:105,(anonymous_3)
FN:113,(anonymous_4)
FN:129,(anonymous_5)
FN:163,(anonymous_6)
FN:175,(anonymous_7)
FN:183,(anonymous_8)
FN:195,(anonymous_9)
FN:234,(anonymous_10)
FN:243,(anonymous_11)
FN:247,(anonymous_12)
FN:285,(anonymous_13)
FN:321,(anonymous_14)
FN:345,(anonymous_15)
FN:369,(anonymous_16)
FN:390,(anonymous_17)
FN:407,(anonymous_18)
FNF:19
FNH:0
FNDA:0,(anonymous_0)
FNDA:0,(anonymous_1)
FNDA:0,(anonymous_2)
FNDA:0,(anonymous_3)
FNDA:0,(anonymous_4)
FNDA:0,(anonymous_5)
FNDA:0,(anonymous_6)
FNDA:0,(anonymous_7)
FNDA:0,(anonymous_8)
FNDA:0,(anonymous_9)
FNDA:0,(anonymous_10)
FNDA:0,(anonymous_11)
FNDA:0,(anonymous_12)
FNDA:0,(anonymous_13)
FNDA:0,(anonymous_14)
FNDA:0,(anonymous_15)
FNDA:0,(anonymous_16)
FNDA:0,(anonymous_17)
FNDA:0,(anonymous_18)
DA:15,0
DA:16,0
DA:46,0
DA:59,0
DA:65,0
DA:66,0
DA:73,0
DA:83,0
DA:91,0
DA:99,0
DA:106,0
DA:113,0
DA:135,0
DA:142,0
DA:150,0
DA:157,0
DA:164,0
DA:169,0
DA:176,0
DA:183,0
DA:200,0
DA:209,0
DA:211,0
DA:212,0
DA:240,0
DA:241,0
DA:243,0
DA:244,0
DA:245,0
DA:247,0
DA:248,0
DA:251,0
DA:252,0
DA:259,0
DA:260,0
DA:261,0
DA:269,0
DA:270,0
DA:271,0
DA:279,0
DA:290,0
DA:300,0
DA:302,0
DA:303,0
DA:327,0
DA:334,0
DA:346,0
DA:353,0
DA:354,0
DA:357,0
DA:358,0
DA:374,0
DA:375,0
DA:377,0
DA:384,0
DA:396,0
DA:397,0
DA:398,0
DA:400,0
DA:403,0
DA:404,0
DA:408,0
LF:62
LH:0
BRDA:139,0,0,0
BRDA:139,0,1,0
BRDA:147,1,0,0
BRDA:147,1,1,0
BRDA:209,2,0,0
BRDA:209,2,1,0
BRDA:248,3,0,0
BRDA:248,3,1,0
BRDA:251,4,0,0
BRDA:251,4,1,0
BRDA:260,5,0,0
BRDA:260,5,1,0
BRDA:270,6,0,0
BRDA:270,6,1,0
BRDA:300,7,0,0
BRDA:300,7,1,0
BRDA:309,8,0,0
BRDA:309,8,1,0
BRDA:353,9,0,0
BRDA:353,9,1,0
BRDA:353,10,0,0
BRDA:353,10,1,0
BRDA:375,11,0,0
BRDA:375,11,1,0
BRF:24
BRH:0
end_of_record
TN:
SF:src\core\cancellationService.ts
FN:92,(anonymous_0)
FN:232,(anonymous_1)
FN:299,(anonymous_2)
FN:319,(anonymous_3)
FN:347,(anonymous_4)
FN:368,(anonymous_5)
FN:393,(anonymous_6)
FN:510,(anonymous_7)
FN:542,(anonymous_8)
FN:559,(anonymous_9)
FN:593,(anonymous_10)
FN:631,(anonymous_11)
FN:648,(anonymous_12)
FN:673,cancelJobSimple
FNF:14
FNH:0
FNDA:0,(anonymous_0)
FNDA:0,(anonymous_1)
FNDA:0,(anonymous_2)
FNDA:0,(anonymous_3)
FNDA:0,(anonymous_4)
FNDA:0,(anonymous_5)
FNDA:0,(anonymous_6)
FNDA:0,(anonymous_7)
FNDA:0,(anonymous_8)
FNDA:0,(anonymous_9)
FNDA:0,(anonymous_10)
FNDA:0,(anonymous_11)
FNDA:0,(anonymous_12)
FNDA:0,cancelJobSimple
DA:11,0
DA:12,0
DA:13,0
DA:24,0
DA:30,0
DA:88,0
DA:106,0
DA:109,0
DA:111,0
DA:113,0
DA:120,0
DA:123,0
DA:129,0
DA:133,0
DA:134,0
DA:137,0
DA:138,0
DA:141,0
DA:142,0
DA:145,0
DA:146,0
DA:149,0
DA:152,0
DA:153,0
DA:156,0
DA:175,0
DA:184,0
DA:193,0
DA:206,0
DA:216,0
DA:238,0
DA:240,0
DA:242,0
DA:245,0
DA:248,0
DA:249,0
DA:250,0
DA:252,0
DA:254,0
DA:261,0
DA:262,0
DA:264,0
DA:268,0
DA:269,0
DA:270,0
DA:274,0
DA:275,0
DA:277,0
DA:278,0
DA:280,0
DA:281,0
DA:282,0
DA:283,0
DA:286,0
DA:303,0
DA:306,0
DA:322,0
DA:325,0
DA:326,0
DA:327,0
DA:329,0
DA:332,0
DA:334,0
DA:350,0
DA:353,0
DA:355,0
DA:371,0
DA:374,0
DA:376,0
DA:400,0
DA:401,0
DA:403,0
DA:404,0
DA:406,0
DA:409,0
DA:412,0
DA:413,0
DA:417,0
DA:422,0
DA:423,0
DA:426,0
DA:438,0
DA:442,0
DA:449,0
DA:454,0
DA:456,0
DA:457,0
DA:458,0
DA:459,0
DA:460,0
DA:463,0
DA:465,0
DA:468,0
DA:469,0
DA:477,0
DA:481,0
DA:488,0
DA:493,0
DA:498,0
DA:499,0
DA:501,0
DA:502,0
DA:511,0
DA:525,0
DA:527,0
DA:534,0
DA:535,0
DA:543,0
DA:551,0
DA:556,0
DA:563,0
DA:590,0
DA:600,0
DA:601,0
DA:604,0
DA:605,0
DA:613,0
DA:614,0
DA:622,0
DA:623,0
DA:632,0
DA:633,0
DA:649,0
DA:650,0
DA:673,0
DA:680,0
DA:684,0
LF:127
LH:0
BRDA:113,0,0,0
BRDA:113,0,1,0
BRDA:113,1,0,0
BRDA:113,1,1,0
BRDA:120,2,0,0
BRDA:120,2,1,0
BRDA:120,2,2,0
BRDA:120,2,3,0
BRDA:120,2,4,0
BRDA:120,2,5,0
BRDA:120,2,6,0
BRDA:120,2,7,0
BRDA:152,3,0,0
BRDA:152,3,1,0
BRDA:153,4,0,0
BRDA:153,4,1,0
BRDA:161,5,0,0
BRDA:161,5,1,0
BRDA:195,6,0,0
BRDA:195,6,1,0
BRDA:196,7,0,0
BRDA:196,7,1,0
BRDA:196,8,0,0
BRDA:196,8,1,0
BRDA:240,9,0,0
BRDA:240,9,1,0
BRDA:254,10,0,0
BRDA:254,10,1,0
BRDA:255,11,0,0
BRDA:255,11,1,0
BRDA:255,11,2,0
BRDA:255,11,3,0
BRDA:268,12,0,0
BRDA:268,12,1,0
BRDA:280,13,0,0
BRDA:280,13,1,0
BRDA:280,14,0,0
BRDA:280,14,1,0
BRDA:406,15,0,0
BRDA:406,15,1,0
BRDA:406,15,2,0
BRDA:406,15,3,0
BRDA:406,15,4,0
BRDA:406,15,5,0
BRDA:406,15,6,0
BRDA:409,16,0,0
BRDA:409,16,1,0
BRDA:409,17,0,0
BRDA:409,17,1,0
BRDA:412,18,0,0
BRDA:412,18,1,0
BRDA:413,19,0,0
BRDA:413,19,1,0
BRDA:417,20,0,0
BRDA:417,20,1,0
BRDA:422,21,0,0
BRDA:422,21,1,0
BRDA:429,22,0,0
BRDA:429,22,1,0
BRDA:457,23,0,0
BRDA:457,23,1,0
BRDA:459,24,0,0
BRDA:459,24,1,0
BRDA:463,25,0,0
BRDA:463,25,1,0
BRDA:463,26,0,0
BRDA:463,26,1,0
BRDA:468,27,0,0
BRDA:468,27,1,0
BRDA:498,28,0,0
BRDA:498,28,1,0
BRDA:501,29,0,0
BRDA:501,29,1,0
BRDA:525,30,0,0
BRDA:525,30,1,0
BRDA:586,31,0,0
BRDA:586,31,1,0
BRDA:604,32,0,0
BRDA:604,32,1,0
BRDA:613,33,0,0
BRDA:613,33,1,0
BRDA:622,34,0,0
BRDA:622,34,1,0
BRDA:639,35,0,0
BRDA:639,35,1,0
BRDA:642,36,0,0
BRDA:642,36,1,0
BRDA:656,37,0,0
BRDA:656,37,1,0
BRDA:659,38,0,0
BRDA:659,38,1,0
BRDA:677,39,0,0
BRDA:680,40,0,0
BRDA:680,40,1,0
BRDA:681,41,0,0
BRDA:681,41,1,0
BRF:96
BRH:0
end_of_record
TN:
SF:src\core\clientRiskService.ts
FN:68,(anonymous_0)
FN:105,(anonymous_1)
FN:139,(anonymous_2)
FN:163,(anonymous_3)
FN:197,(anonymous_4)
FN:206,(anonymous_5)
FN:252,(anonymous_6)
FN:262,(anonymous_7)
FN:265,(anonymous_8)
FN:271,(anonymous_9)
FN:318,(anonymous_10)
FN:319,(anonymous_11)
FN:323,(anonymous_12)
FN:336,(anonymous_13)
FN:349,(anonymous_14)
FN:357,(anonymous_15)
FN:365,(anonymous_16)
FN:377,(anonymous_17)
FN:388,(anonymous_18)
FN:400,(anonymous_19)
FN:403,(anonymous_20)
FN:418,(anonymous_21)
FNF:22
FNH:0
FNDA:0,(anonymous_0)
FNDA:0,(anonymous_1)
FNDA:0,(anonymous_2)
FNDA:0,(anonymous_3)
FNDA:0,(anonymous_4)
FNDA:0,(anonymous_5)
FNDA:0,(anonymous_6)
FNDA:0,(anonymous_7)
FNDA:0,(anonymous_8)
FNDA:0,(anonymous_9)
FNDA:0,(anonymous_10)
FNDA:0,(anonymous_11)
FNDA:0,(anonymous_12)
FNDA:0,(anonymous_13)
FNDA:0,(anonymous_14)
FNDA:0,(anonymous_15)
FNDA:0,(anonymous_16)
FNDA:0,(anonymous_17)
FNDA:0,(anonymous_18)
FNDA:0,(anonymous_19)
FNDA:0,(anonymous_20)
FNDA:0,(anonymous_21)
DA:11,0
DA:12,0
DA:14,0
DA:15,0
DA:16,0
DA:64,0
DA:69,0
DA:71,0
DA:72,0
DA:73,0
DA:75,0
DA:77,0
DA:80,0
DA:88,0
DA:90,0
DA:99,0
DA:109,0
DA:111,0
DA:112,0
DA:114,0
DA:115,0
DA:116,0
DA:117,0
DA:119,0
DA:123,0
DA:127,0
DA:133,0
DA:140,0
DA:147,0
DA:148,0
DA:151,0
DA:152,0
DA:164,0
DA:176,0
DA:202,0
DA:205,0
DA:206,0
DA:210,0
DA:211,0
DA:212,0
DA:213,0
DA:215,0
DA:216,0
DA:218,0
DA:219,0
DA:220,0
DA:223,0
DA:224,0
DA:231,0
DA:232,0
DA:233,0
DA:234,0
DA:238,0
DA:239,0
DA:240,0
DA:241,0
DA:245,0
DA:251,0
DA:252,0
DA:255,0
DA:256,0
DA:257,0
DA:261,0
DA:262,0
DA:264,0
DA:265,0
DA:270,0
DA:271,0
DA:275,0
DA:276,0
DA:278,0
DA:279,0
DA:280,0
DA:282,0
DA:283,0
DA:284,0
DA:285,0
DA:290,0
DA:291,0
DA:293,0
DA:319,0
DA:320,0
DA:322,0
DA:323,0
DA:337,0
DA:338,0
DA:339,0
DA:342,0
DA:350,0
DA:358,0
DA:369,0
DA:377,0
DA:390,0
DA:400,0
DA:404,0
DA:422,0
LF:96
LH:0
BRDA:147,0,0,0
BRDA:147,0,1,0
BRDA:169,1,0,0
BRDA:169,1,1,0
BRDA:172,2,0,0
BRDA:172,2,1,0
BRDA:218,3,0,0
BRDA:218,3,1,0
BRDA:223,4,0,0
BRDA:223,4,1,0
BRDA:232,5,0,0
BRDA:232,5,1,0
BRDA:239,6,0,0
BRDA:239,6,1,0
BRDA:255,7,0,0
BRDA:255,7,1,0
BRDA:278,8,0,0
BRDA:278,8,1,0
BRDA:282,9,0,0
BRDA:282,9,1,0
BRDA:320,10,0,0
BRDA:320,10,1,0
BRDA:323,11,0,0
BRDA:323,11,1,0
BRDA:337,12,0,0
BRDA:337,12,1,0
BRDA:337,13,0,0
BRDA:337,13,1,0
BRDA:338,14,0,0
BRDA:338,14,1,0
BRDA:338,15,0,0
BRDA:338,15,1,0
BRDA:350,16,0,0
BRDA:350,16,1,0
BRDA:358,17,0,0
BRDA:358,17,1,0
BRDA:380,18,0,0
BRDA:380,18,1,0
BRF:38
BRH:0
end_of_record
TN:
SF:src\core\config.ts
FN:32,(anonymous_0)
FN:58,(anonymous_1)
FNF:2
FNH:0
FNDA:0,(anonymous_0)
FNDA:0,(anonymous_1)
DA:11,0
DA:33,0
DA:35,0
DA:37,0
DA:40,0
DA:56,0
DA:59,0
DA:60,0
DA:61,0
DA:62,0
DA:63,0
DA:108,0
DA:160,0
DA:195,0
DA:230,0
DA:244,0
LF:16
LH:0
BRDA:33,0,0,0
BRDA:33,0,1,0
BRDA:33,0,2,0
BRDA:33,0,3,0
BRDA:59,1,0,0
BRDA:59,1,1,0
BRDA:60,2,0,0
BRDA:60,2,1,0
BRDA:61,3,0,0
BRDA:61,3,1,0
BRDA:62,4,0,0
BRDA:62,4,1,0
BRF:12
BRH:0
end_of_record
TN:
SF:src\core\flexibilityService.ts
FN:29,(anonymous_0)
FN:48,(anonymous_1)
FN:112,(anonymous_2)
FN:144,(anonymous_3)
FN:162,(anonymous_4)
FN:183,(anonymous_5)
FN:194,(anonymous_6)
FN:211,(anonymous_7)
FN:271,(anonymous_8)
FN:314,(anonymous_9)
FN:327,(anonymous_10)
FN:354,(anonymous_11)
FN:368,(anonymous_12)
FN:381,(anonymous_13)
FN:403,(anonymous_14)
FN:439,(anonymous_15)
FN:443,(anonymous_16)
FN:446,(anonymous_17)
FN:452,(anonymous_18)
FNF:19
FNH:0
FNDA:0,(anonymous_0)
FNDA:0,(anonymous_1)
FNDA:0,(anonymous_2)
FNDA:0,(anonymous_3)
FNDA:0,(anonymous_4)
FNDA:0,(anonymous_5)
FNDA:0,(anonymous_6)
FNDA:0,(anonymous_7)
FNDA:0,(anonymous_8)
FNDA:0,(anonymous_9)
FNDA:0,(anonymous_10)
FNDA:0,(anonymous_11)
FNDA:0,(anonymous_12)
FNDA:0,(anonymous_13)
FNDA:0,(anonymous_14)
FNDA:0,(anonymous_15)
FNDA:0,(anonymous_16)
FNDA:0,(anonymous_17)
FNDA:0,(anonymous_18)
DA:11,0
DA:12,0
DA:14,0
DA:15,0
DA:21,0
DA:33,0
DA:39,0
DA:53,0
DA:54,0
DA:56,0
DA:58,0
DA:59,0
DA:60,0
DA:62,0
DA:63,0
DA:64,0
DA:65,0
DA:67,0
DA:69,0
DA:70,0
DA:71,0
DA:72,0
DA:77,0
DA:78,0
DA:81,0
DA:89,0
DA:92,0
DA:93,0
DA:94,0
DA:95,0
DA:96,0
DA:97,0
DA:100,0
DA:103,0
DA:109,0
DA:117,0
DA:127,0
DA:138,0
DA:145,0
DA:150,0
DA:152,0
DA:153,0
DA:163,0
DA:184,0
DA:191,0
DA:195,0
DA:201,0
DA:214,0
DA:215,0
DA:217,0
DA:219,0
DA:221,0
DA:222,0
DA:223,0
DA:224,0
DA:225,0
DA:226,0
DA:228,0
DA:229,0
DA:230,0
DA:231,0
DA:232,0
DA:234,0
DA:244,0
DA:257,0
DA:258,0
DA:261,0
DA:263,0
DA:287,0
DA:289,0
DA:290,0
DA:293,0
DA:296,0
DA:297,0
DA:300,0
DA:303,0
DA:304,0
DA:305,0
DA:309,0
DA:311,0
DA:317,0
DA:324,0
DA:331,0
DA:340,0
DA:348,0
DA:357,0
DA:365,0
DA:371,0
DA:378,0
DA:385,0
DA:393,0
DA:394,0
DA:397,0
DA:404,0
DA:440,0
DA:443,0
DA:447,0
DA:452,0
LF:98
LH:0
BRDA:48,0,0,0
BRDA:69,1,0,0
BRDA:69,1,1,0
BRDA:71,2,0,0
BRDA:71,2,1,0
BRDA:78,3,0,0
BRDA:78,3,1,0
BRDA:92,4,0,0
BRDA:92,4,1,0
BRDA:92,5,0,0
BRDA:92,5,1,0
BRDA:95,6,0,0
BRDA:95,6,1,0
BRDA:95,7,0,0
BRDA:95,7,1,0
BRDA:139,8,0,0
BRDA:139,8,1,0
BRDA:140,9,0,0
BRDA:140,9,1,0
BRDA:150,10,0,0
BRDA:150,10,1,0
BRDA:155,11,0,0
BRDA:155,11,1,0
BRDA:156,12,0,0
BRDA:156,12,1,0
BRDA:157,13,0,0
BRDA:157,13,1,0
BRDA:211,14,0,0
BRDA:303,15,0,0
BRDA:303,15,1,0
BRDA:324,16,0,0
BRDA:324,16,1,0
BRDA:349,17,0,0
BRDA:349,17,1,0
BRDA:350,18,0,0
BRDA:350,18,1,0
BRDA:365,19,0,0
BRDA:365,19,1,0
BRDA:378,20,0,0
BRDA:378,20,1,0
BRDA:393,21,0,0
BRDA:393,21,1,0
BRF:42
BRH:0
end_of_record
TN:
SF:src\core\inconvenienceService.ts
FN:46,(anonymous_0)
FN:89,(anonymous_1)
FN:242,(anonymous_2)
FN:270,(anonymous_3)
FNF:4
FNH:0
FNDA:0,(anonymous_0)
FNDA:0,(anonymous_1)
FNDA:0,(anonymous_2)
FNDA:0,(anonymous_3)
DA:15,0
DA:16,0
DA:18,0
DA:41,0
DA:47,0
DA:52,0
DA:72,0
DA:74,0
DA:82,0
DA:93,0
DA:94,0
DA:96,0
DA:97,0
DA:100,0
DA:101,0
DA:103,0
DA:114,0
DA:115,0
DA:116,0
DA:117,0
DA:120,0
DA:129,0
DA:131,0
DA:132,0
DA:133,0
DA:134,0
DA:135,0
DA:138,0
DA:139,0
DA:150,0
DA:151,0
DA:162,0
DA:166,0
DA:167,0
DA:169,0
DA:180,0
DA:181,0
DA:182,0
DA:183,0
DA:186,0
DA:195,0
DA:197,0
DA:198,0
DA:199,0
DA:200,0
DA:201,0
DA:204,0
DA:205,0
DA:216,0
DA:217,0
DA:228,0
DA:231,0
DA:236,0
DA:247,0
DA:259,0
DA:260,0
DA:275,0
DA:287,0
DA:288,0
LF:59
LH:0
BRDA:68,0,0,0
BRDA:68,0,1,0
BRDA:129,1,0,0
BRDA:129,1,1,0
BRDA:132,2,0,0
BRDA:132,2,1,0
BRDA:134,3,0,0
BRDA:134,3,1,0
BRDA:138,4,0,0
BRDA:138,4,1,0
BRDA:159,5,0,0
BRDA:159,5,1,0
BRDA:195,6,0,0
BRDA:195,6,1,0
BRDA:198,7,0,0
BRDA:198,7,1,0
BRDA:200,8,0,0
BRDA:200,8,1,0
BRDA:204,9,0,0
BRDA:204,9,1,0
BRDA:225,10,0,0
BRDA:225,10,1,0
BRDA:261,11,0,0
BRDA:261,11,1,0
BRDA:262,12,0,0
BRDA:262,12,1,0
BRDA:263,13,0,0
BRDA:263,13,1,0
BRDA:289,14,0,0
BRDA:289,14,1,0
BRDA:290,15,0,0
BRDA:290,15,1,0
BRDA:291,16,0,0
BRDA:291,16,1,0
BRF:34
BRH:0
end_of_record
TN:
SF:src\core\index.ts
FN:15,(anonymous_4)
FN:16,(anonymous_5)
FN:17,(anonymous_6)
FN:18,(anonymous_7)
FN:19,(anonymous_8)
FN:20,(anonymous_9)
FN:21,(anonymous_10)
FN:22,(anonymous_11)
FN:26,(anonymous_12)
FN:27,(anonymous_13)
FN:28,(anonymous_14)
FN:29,(anonymous_15)
FN:30,(anonymous_16)
FN:31,(anonymous_17)
FN:40,(anonymous_18)
FN:41,(anonymous_19)
FN:42,(anonymous_20)
FN:43,(anonymous_21)
FN:44,(anonymous_22)
FN:45,(anonymous_23)
FN:46,(anonymous_24)
FN:54,(anonymous_25)
FN:57,(anonymous_26)
FN:60,(anonymous_27)
FN:63,(anonymous_28)
FN:63,(anonymous_29)
FN:66,(anonymous_30)
FN:69,(anonymous_31)
FN:69,(anonymous_32)
FN:72,(anonymous_33)
FN:75,(anonymous_34)
FN:78,(anonymous_35)
FN:81,(anonymous_36)
FNF:33
FNH:0
FNDA:0,(anonymous_4)
FNDA:0,(anonymous_5)
FNDA:0,(anonymous_6)
FNDA:0,(anonymous_7)
FNDA:0,(anonymous_8)
FNDA:0,(anonymous_9)
FNDA:0,(anonymous_10)
FNDA:0,(anonymous_11)
FNDA:0,(anonymous_12)
FNDA:0,(anonymous_13)
FNDA:0,(anonymous_14)
FNDA:0,(anonymous_15)
FNDA:0,(anonymous_16)
FNDA:0,(anonymous_17)
FNDA:0,(anonymous_18)
FNDA:0,(anonymous_19)
FNDA:0,(anonymous_20)
FNDA:0,(anonymous_21)
FNDA:0,(anonymous_22)
FNDA:0,(anonymous_23)
FNDA:0,(anonymous_24)
FNDA:0,(anonymous_25)
FNDA:0,(anonymous_26)
FNDA:0,(anonymous_27)
FNDA:0,(anonymous_28)
FNDA:0,(anonymous_29)
FNDA:0,(anonymous_30)
FNDA:0,(anonymous_31)
FNDA:0,(anonymous_32)
FNDA:0,(anonymous_33)
FNDA:0,(anonymous_34)
FNDA:0,(anonymous_35)
FNDA:0,(anonymous_36)
DA:9,0
DA:14,0
DA:15,0
DA:16,0
DA:17,0
DA:18,0
DA:19,0
DA:20,0
DA:21,0
DA:22,0
DA:25,0
DA:26,0
DA:27,0
DA:28,0
DA:29,0
DA:30,0
DA:31,0
DA:39,0
DA:40,0
DA:41,0
DA:42,0
DA:43,0
DA:44,0
DA:45,0
DA:46,0
DA:54,0
DA:57,0
DA:60,0
DA:63,0
DA:66,0
DA:69,0
DA:72,0
DA:75,0
DA:78,0
DA:81,0
LF:35
LH:0
BRF:0
BRH:0
end_of_record
TN:
SF:src\core\matchingService.ts
FN:67,(anonymous_0)
FN:118,(anonymous_1)
FN:140,(anonymous_2)
FN:198,(anonymous_3)
FN:214,(anonymous_4)
FN:260,(anonymous_5)
FN:269,(anonymous_6)
FN:279,(anonymous_7)
FN:288,(anonymous_8)
FN:291,(anonymous_9)
FN:320,(anonymous_10)
FN:327,(anonymous_11)
FNF:12
FNH:0
FNDA:0,(anonymous_0)
FNDA:0,(anonymous_1)
FNDA:0,(anonymous_2)
FNDA:0,(anonymous_3)
FNDA:0,(anonymous_4)
FNDA:0,(anonymous_5)
FNDA:0,(anonymous_6)
FNDA:0,(anonymous_7)
FNDA:0,(anonymous_8)
FNDA:0,(anonymous_9)
FNDA:0,(anonymous_10)
FNDA:0,(anonymous_11)
DA:12,0
DA:13,0
DA:21,0
DA:22,0
DA:63,0
DA:68,0
DA:69,0
DA:72,0
DA:75,0
DA:78,0
DA:79,0
DA:81,0
DA:83,0
DA:84,0
DA:85,0
DA:89,0
DA:92,0
DA:95,0
DA:106,0
DA:108,0
DA:118,0
DA:120,0
DA:128,0
DA:147,0
DA:149,0
DA:157,0
DA:160,0
DA:161,0
DA:164,0
DA:165,0
DA:168,0
DA:169,0
DA:170,0
DA:175,0
DA:179,0
DA:180,0
DA:184,0
DA:188,0
DA:189,0
DA:192,0
DA:200,0
DA:201,0
DA:204,0
DA:207,0
DA:215,0
DA:216,0
DA:217,0
DA:219,0
DA:260,0
DA:270,0
DA:271,0
DA:272,0
DA:273,0
DA:274,0
DA:275,0
DA:280,0
DA:288,0
DA:294,0
DA:299,0
DA:300,0
DA:303,0
DA:304,0
DA:305,0
DA:306,0
DA:309,0
DA:310,0
DA:311,0
DA:313,0
DA:316,0
DA:317,0
DA:321,0
DA:328,0
DA:336,0
DA:338,0
DA:339,0
DA:342,0
DA:348,0
DA:355,0
DA:356,0
DA:357,0
DA:366,0
DA:370,0
DA:372,0
DA:384,0
LF:84
LH:0
BRDA:83,0,0,0
BRDA:83,0,1,0
BRDA:168,1,0,0
BRDA:168,1,1,0
BRDA:175,2,0,0
BRDA:175,2,1,0
BRDA:176,3,0,0
BRDA:176,3,1,0
BRDA:184,4,0,0
BRDA:184,4,1,0
BRDA:185,5,0,0
BRDA:185,5,1,0
BRDA:185,5,2,0
BRDA:200,6,0,0
BRDA:200,6,1,0
BRDA:200,7,0,0
BRDA:200,7,1,0
BRDA:201,8,0,0
BRDA:201,8,1,0
BRDA:262,9,0,0
BRDA:262,9,1,0
BRDA:270,10,0,0
BRDA:270,10,1,0
BRDA:271,11,0,0
BRDA:271,11,1,0
BRDA:271,11,2,0
BRDA:271,11,3,0
BRDA:271,11,4,0
BRDA:299,12,0,0
BRDA:299,12,1,0
BRDA:299,13,0,0
BRDA:299,13,1,0
BRDA:299,13,2,0
BRDA:336,14,0,0
BRDA:336,14,1,0
BRDA:350,15,0,0
BRDA:350,15,1,0
BRDA:351,16,0,0
BRDA:351,16,1,0
BRDA:356,17,0,0
BRDA:356,17,1,0
BRDA:370,18,0,0
BRDA:370,18,1,0
BRDA:378,19,0,0
BRDA:378,19,1,0
BRF:45
BRH:0
end_of_record
TN:
SF:src\core\reasonCodeService.ts
FN:86,(anonymous_0)
FN:113,(anonymous_1)
FN:127,(anonymous_2)
FN:165,(anonymous_3)
FN:188,(anonymous_4)
FN:195,(anonymous_5)
FN:197,(anonymous_6)
FN:198,(anonymous_7)
FN:199,(anonymous_8)
FN:200,(anonymous_9)
FN:201,(anonymous_10)
FN:202,(anonymous_11)
FNF:12
FNH:0
FNDA:0,(anonymous_0)
FNDA:0,(anonymous_1)
FNDA:0,(anonymous_2)
FNDA:0,(anonymous_3)
FNDA:0,(anonymous_4)
FNDA:0,(anonymous_5)
FNDA:0,(anonymous_6)
FNDA:0,(anonymous_7)
FNDA:0,(anonymous_8)
FNDA:0,(anonymous_9)
FNDA:0,(anonymous_10)
FNDA:0,(anonymous_11)
DA:14,0
DA:15,0
DA:22,0
DA:82,0
DA:90,0
DA:95,0
DA:96,0
DA:98,0
DA:99,0
DA:100,0
DA:101,0
DA:104,0
DA:105,0
DA:106,0
DA:109,0
DA:111,0
DA:113,0
DA:132,0
DA:133,0
DA:136,0
DA:141,0
DA:142,0
DA:145,0
DA:147,0
DA:148,0
DA:151,0
DA:152,0
DA:155,0
DA:156,0
DA:159,0
DA:166,0
DA:171,0
DA:173,0
DA:174,0
DA:189,0
DA:196,0
DA:197,0
DA:198,0
DA:199,0
DA:200,0
DA:201,0
DA:202,0
DA:205,0
DA:206,0
DA:218,0
LF:45
LH:0
BRDA:98,0,0,0
BRDA:98,0,1,0
BRDA:104,1,0,0
BRDA:104,1,1,0
BRDA:132,2,0,0
BRDA:132,2,1,0
BRDA:141,3,0,0
BRDA:141,3,1,0
BRDA:147,4,0,0
BRDA:147,4,1,0
BRDA:151,5,0,0
BRDA:151,5,1,0
BRDA:151,6,0,0
BRDA:151,6,1,0
BRDA:155,7,0,0
BRDA:155,7,1,0
BRDA:171,8,0,0
BRDA:171,8,1,0
BRDA:189,9,0,0
BRDA:189,9,1,0
BRF:20
BRH:0
end_of_record
TN:
SF:src\core\reliabilityScoreV2Service.ts
FN:98,(anonymous_0)
FN:144,(anonymous_1)
FN:179,(anonymous_2)
FN:223,(anonymous_3)
FN:375,(anonymous_4)
FN:383,(anonymous_5)
FN:387,(anonymous_6)
FN:393,(anonymous_7)
FN:397,(anonymous_8)
FN:401,(anonymous_9)
FN:405,(anonymous_10)
FN:409,(anonymous_11)
FN:413,(anonymous_12)
FN:424,(anonymous_13)
FN:429,(anonymous_14)
FN:430,(anonymous_15)
FN:435,(anonymous_16)
FN:438,(anonymous_17)
FN:443,(anonymous_18)
FN:456,(anonymous_19)
FN:465,(anonymous_20)
FN:472,(anonymous_21)
FN:476,(anonymous_22)
FN:496,(anonymous_23)
FN:514,(anonymous_24)
FN:516,(anonymous_25)
FN:518,(anonymous_26)
FN:521,(anonymous_27)
FN:533,(anonymous_28)
FN:565,(anonymous_29)
FN:585,(anonymous_30)
FN:593,(anonymous_31)
FN:597,(anonymous_32)
FN:600,(anonymous_33)
FN:612,(anonymous_34)
FNF:35
FNH:0
FNDA:0,(anonymous_0)
FNDA:0,(anonymous_1)
FNDA:0,(anonymous_2)
FNDA:0,(anonymous_3)
FNDA:0,(anonymous_4)
FNDA:0,(anonymous_5)
FNDA:0,(anonymous_6)
FNDA:0,(anonymous_7)
FNDA:0,(anonymous_8)
FNDA:0,(anonymous_9)
FNDA:0,(anonymous_10)
FNDA:0,(anonymous_11)
FNDA:0,(anonymous_12)
FNDA:0,(anonymous_13)
FNDA:0,(anonymous_14)
FNDA:0,(anonymous_15)
FNDA:0,(anonymous_16)
FNDA:0,(anonymous_17)
FNDA:0,(anonymous_18)
FNDA:0,(anonymous_19)
FNDA:0,(anonymous_20)
FNDA:0,(anonymous_21)
FNDA:0,(anonymous_22)
FNDA:0,(anonymous_23)
FNDA:0,(anonymous_24)
FNDA:0,(anonymous_25)
FNDA:0,(anonymous_26)
FNDA:0,(anonymous_27)
FNDA:0,(anonymous_28)
FNDA:0,(anonymous_29)
FNDA:0,(anonymous_30)
FNDA:0,(anonymous_31)
FNDA:0,(anonymous_32)
FNDA:0,(anonymous_33)
FNDA:0,(anonymous_34)
DA:11,0
DA:12,0
DA:14,0
DA:15,0
DA:16,0
DA:94,0
DA:99,0
DA:102,0
DA:103,0
DA:105,0
DA:108,0
DA:111,0
DA:114,0
DA:121,0
DA:127,0
DA:129,0
DA:138,0
DA:148,0
DA:150,0
DA:151,0
DA:153,0
DA:154,0
DA:155,0
DA:156,0
DA:158,0
DA:162,0
DA:166,0
DA:172,0
DA:184,0
DA:186,0
DA:188,0
DA:189,0
DA:214,0
DA:215,0
DA:216,0
DA:219,0
DA:220,0
DA:223,0
DA:224,0
DA:225,0
DA:230,0
DA:231,0
DA:234,0
DA:235,0
DA:238,0
DA:241,0
DA:244,0
DA:245,0
DA:246,0
DA:249,0
DA:252,0
DA:255,0
DA:258,0
DA:261,0
DA:262,0
DA:263,0
DA:264,0
DA:265,0
DA:269,0
DA:277,0
DA:287,0
DA:289,0
DA:292,0
DA:299,0
DA:303,0
DA:306,0
DA:312,0
DA:313,0
DA:314,0
DA:317,0
DA:324,0
DA:331,0
DA:332,0
DA:335,0
DA:336,0
DA:337,0
DA:338,0
DA:339,0
DA:341,0
DA:344,0
DA:345,0
DA:347,0
DA:376,0
DA:384,0
DA:388,0
DA:389,0
DA:390,0
DA:394,0
DA:398,0
DA:402,0
DA:406,0
DA:410,0
DA:414,0
DA:428,0
DA:429,0
DA:430,0
DA:432,0
DA:434,0
DA:435,0
DA:437,0
DA:438,0
DA:439,0
DA:443,0
DA:444,0
DA:445,0
DA:450,0
DA:453,0
DA:454,0
DA:455,0
DA:456,0
DA:457,0
DA:458,0
DA:459,0
DA:461,0
DA:465,0
DA:466,0
DA:473,0
DA:475,0
DA:476,0
DA:479,0
DA:480,0
DA:482,0
DA:483,0
DA:485,0
DA:486,0
DA:487,0
DA:488,0
DA:489,0
DA:491,0
DA:493,0
DA:494,0
DA:496,0
DA:497,0
DA:498,0
DA:502,0
DA:503,0
DA:507,0
DA:508,0
DA:515,0
DA:516,0
DA:518,0
DA:521,0
DA:538,0
DA:565,0
DA:586,0
DA:590,0
DA:594,0
DA:597,0
DA:604,0
DA:613,0
LF:150
LH:0
BRDA:186,0,0,0
BRDA:186,0,1,0
BRDA:220,1,0,0
BRDA:220,1,1,0
BRDA:223,2,0,0
BRDA:223,2,1,0
BRDA:225,3,0,0
BRDA:225,3,1,0
BRDA:231,4,0,0
BRDA:231,4,1,0
BRDA:235,5,0,0
BRDA:235,5,1,0
BRDA:245,6,0,0
BRDA:245,6,1,0
BRDA:262,7,0,0
BRDA:262,7,1,0
BRDA:313,8,0,0
BRDA:313,8,1,0
BRDA:314,9,0,0
BRDA:314,9,1,0
BRDA:335,10,0,0
BRDA:335,10,1,0
BRDA:377,11,0,0
BRDA:377,11,1,0
BRDA:377,11,2,0
BRDA:388,12,0,0
BRDA:388,12,1,0
BRDA:398,13,0,0
BRDA:398,13,1,0
BRDA:402,14,0,0
BRDA:402,14,1,0
BRDA:402,14,2,0
BRDA:415,15,0,0
BRDA:415,15,1,0
BRDA:415,15,2,0
BRDA:426,16,0,0
BRDA:429,17,0,0
BRDA:429,17,1,0
BRDA:432,18,0,0
BRDA:432,18,1,0
BRDA:437,19,0,0
BRDA:437,19,1,0
BRDA:445,20,0,0
BRDA:445,20,1,0
BRDA:454,21,0,0
BRDA:454,21,1,0
BRDA:457,22,0,0
BRDA:457,22,1,0
BRDA:457,23,0,0
BRDA:457,23,1,0
BRDA:473,24,0,0
BRDA:473,24,1,0
BRDA:491,25,0,0
BRDA:491,25,1,0
BRDA:491,26,0,0
BRDA:491,26,1,0
BRDA:491,26,2,0
BRDA:494,27,0,0
BRDA:494,27,1,0
BRDA:496,28,0,0
BRDA:496,28,1,0
BRDA:498,29,0,0
BRDA:498,29,1,0
BRDA:502,30,0,0
BRDA:502,30,1,0
BRDA:502,31,0,0
BRDA:502,31,1,0
BRDA:518,32,0,0
BRDA:518,32,1,0
BRDA:521,33,0,0
BRDA:521,33,1,0
BRDA:569,34,0,0
BRDA:569,34,1,0
BRDA:570,35,0,0
BRDA:570,35,1,0
BRDA:573,36,0,0
BRDA:573,36,1,0
BRDA:574,37,0,0
BRDA:574,37,1,0
BRDA:578,38,0,0
BRDA:578,38,1,0
BRDA:590,39,0,0
BRDA:590,39,1,0
BRF:83
BRH:0
end_of_record
TN:
SF:src\core\rescheduleService.ts
FN:59,(anonymous_0)
FN:144,(anonymous_1)
FN:165,(anonymous_2)
FN:229,(anonymous_3)
FN:286,(anonymous_4)
FN:326,(anonymous_5)
FN:396,(anonymous_6)
FN:404,(anonymous_7)
FN:435,(anonymous_8)
FN:472,(anonymous_9)
FN:496,(anonymous_10)
FN:509,(anonymous_11)
FN:542,(anonymous_12)
FNF:13
FNH:0
FNDA:0,(anonymous_0)
FNDA:0,(anonymous_1)
FNDA:0,(anonymous_2)
FNDA:0,(anonymous_3)
FNDA:0,(anonymous_4)
FNDA:0,(anonymous_5)
FNDA:0,(anonymous_6)
FNDA:0,(anonymous_7)
FNDA:0,(anonymous_8)
FNDA:0,(anonymous_9)
FNDA:0,(anonymous_10)
FNDA:0,(anonymous_11)
FNDA:0,(anonymous_12)
DA:10,0
DA:11,0
DA:12,0
DA:22,0
DA:23,0
DA:55,0
DA:60,0
DA:61,0
DA:63,0
DA:64,0
DA:65,0
DA:66,0
DA:69,0
DA:72,0
DA:75,0
DA:82,0
DA:85,0
DA:93,0
DA:110,0
DA:113,0
DA:128,0
DA:138,0
DA:145,0
DA:147,0
DA:148,0
DA:151,0
DA:152,0
DA:155,0
DA:156,0
DA:158,0
DA:167,0
DA:170,0
DA:177,0
DA:179,0
DA:180,0
DA:182,0
DA:189,0
DA:191,0
DA:201,0
DA:202,0
DA:206,0
DA:217,0
DA:223,0
DA:234,0
DA:241,0
DA:246,0
DA:250,0
DA:262,0
DA:270,0
DA:293,0
DA:296,0
DA:297,0
DA:301,0
DA:302,0
DA:303,0
DA:307,0
DA:308,0
DA:312,0
DA:313,0
DA:316,0
DA:332,0
DA:342,0
DA:343,0
DA:351,0
DA:360,0
DA:361,0
DA:368,0
DA:369,0
DA:370,0
DA:372,0
DA:382,0
DA:383,0
DA:389,0
DA:397,0
DA:401,0
DA:405,0
DA:429,0
DA:443,0
DA:451,0
DA:452,0
DA:474,0
DA:479,0
DA:480,0
DA:483,0
DA:484,0
DA:485,0
DA:486,0
DA:488,0
DA:497,0
DA:503,0
DA:510,0
DA:511,0
DA:512,0
DA:523,0
DA:524,0
DA:543,0
DA:548,0
DA:549,0
DA:552,0
DA:553,0
LF:100
LH:0
BRDA:69,0,0,0
BRDA:69,0,1,0
BRDA:116,1,0,0
BRDA:116,1,1,0
BRDA:147,2,0,0
BRDA:147,2,1,0
BRDA:151,3,0,0
BRDA:151,3,1,0
BRDA:155,4,0,0
BRDA:155,4,1,0
BRDA:158,5,0,0
BRDA:158,5,1,0
BRDA:179,6,0,0
BRDA:179,6,1,0
BRDA:180,7,0,0
BRDA:180,7,1,0
BRDA:189,8,0,0
BRDA:189,8,1,0
BRDA:201,9,0,0
BRDA:201,9,1,0
BRDA:209,10,0,0
BRDA:209,10,1,0
BRDA:241,11,0,0
BRDA:241,11,1,0
BRDA:242,12,0,0
BRDA:242,12,1,0
BRDA:242,12,2,0
BRDA:253,13,0,0
BRDA:253,13,1,0
BRDA:296,14,0,0
BRDA:296,14,1,0
BRDA:302,15,0,0
BRDA:302,15,1,0
BRDA:307,16,0,0
BRDA:307,16,1,0
BRDA:312,17,0,0
BRDA:312,17,1,0
BRDA:342,18,0,0
BRDA:342,18,1,0
BRDA:360,19,0,0
BRDA:360,19,1,0
BRDA:382,20,0,0
BRDA:382,20,1,0
BRDA:401,21,0,0
BRDA:401,21,1,0
BRDA:479,22,0,0
BRDA:479,22,1,0
BRDA:511,23,0,0
BRDA:511,23,1,0
BRDA:517,24,0,0
BRDA:517,24,1,0
BRDA:520,25,0,0
BRDA:520,25,1,0
BRDA:523,26,0,0
BRDA:523,26,1,0
BRDA:529,27,0,0
BRDA:529,27,1,0
BRDA:532,28,0,0
BRDA:532,28,1,0
BRDA:548,29,0,0
BRDA:548,29,1,0
BRF:61
BRH:0
end_of_record
TN:
SF:src\core\rollingWindowService.ts
FN:36,(anonymous_0)
FN:50,(anonymous_1)
FN:59,(anonymous_2)
FN:67,(anonymous_3)
FN:81,(anonymous_4)
FN:90,(anonymous_5)
FN:99,(anonymous_6)
FN:114,(anonymous_7)
FN:131,(anonymous_8)
FN:147,(anonymous_9)
FN:162,(anonymous_10)
FN:179,(anonymous_11)
FN:195,(anonymous_12)
FN:216,(anonymous_13)
FN:219,(anonymous_14)
FN:239,(anonymous_15)
FNF:16
FNH:0
FNDA:0,(anonymous_0)
FNDA:0,(anonymous_1)
FNDA:0,(anonymous_2)
FNDA:0,(anonymous_3)
FNDA:0,(anonymous_4)
FNDA:0,(anonymous_5)
FNDA:0,(anonymous_6)
FNDA:0,(anonymous_7)
FNDA:0,(anonymous_8)
FNDA:0,(anonymous_9)
FNDA:0,(anonymous_10)
FNDA:0,(anonymous_11)
FNDA:0,(anonymous_12)
FNDA:0,(anonymous_13)
FNDA:0,(anonymous_14)
FNDA:0,(anonymous_15)
DA:14,0
DA:32,0
DA:40,0
DA:41,0
DA:42,0
DA:44,0
DA:45,0
DA:48,0
DA:49,0
DA:50,0
DA:51,0
DA:52,0
DA:56,0
DA:57,0
DA:58,0
DA:59,0
DA:60,0
DA:61,0
DA:71,0
DA:72,0
DA:73,0
DA:75,0
DA:76,0
DA:79,0
DA:80,0
DA:81,0
DA:82,0
DA:83,0
DA:87,0
DA:88,0
DA:89,0
DA:90,0
DA:91,0
DA:92,0
DA:103,0
DA:111,0
DA:118,0
DA:120,0
DA:128,0
DA:132,0
DA:151,0
DA:159,0
DA:166,0
DA:168,0
DA:176,0
DA:180,0
DA:200,0
DA:205,0
DA:207,0
DA:208,0
DA:209,0
DA:212,0
DA:213,0
DA:215,0
DA:216,0
DA:224,0
DA:228,0
DA:230,0
DA:231,0
DA:232,0
DA:235,0
DA:236,0
DA:238,0
DA:239,0
LF:64
LH:0
BRDA:40,0,0,0
BRDA:40,0,1,0
BRDA:42,1,0,0
BRDA:42,1,1,0
BRDA:48,2,0,0
BRDA:48,2,1,0
BRDA:49,3,0,0
BRDA:49,3,1,0
BRDA:57,4,0,0
BRDA:57,4,1,0
BRDA:58,5,0,0
BRDA:58,5,1,0
BRDA:71,6,0,0
BRDA:71,6,1,0
BRDA:73,7,0,0
BRDA:73,7,1,0
BRDA:79,8,0,0
BRDA:79,8,1,0
BRDA:80,9,0,0
BRDA:80,9,1,0
BRDA:88,10,0,0
BRDA:88,10,1,0
BRDA:89,11,0,0
BRDA:89,11,1,0
BRDA:118,12,0,0
BRDA:118,12,1,0
BRDA:135,13,0,0
BRDA:135,13,1,0
BRDA:166,14,0,0
BRDA:166,14,1,0
BRDA:183,15,0,0
BRDA:183,15,1,0
BRDA:207,16,0,0
BRDA:207,16,1,0
BRDA:230,17,0,0
BRDA:230,17,1,0
BRF:36
BRH:0
end_of_record
TN:
SF:src\core\scoring.ts
FN:20,computeRiskBand
FN:41,computeReliabilityTier
FN:51,clampScore
FN:67,computeReliabilityBasePoints
FN:124,getPayoutPercentForTier
FN:141,getCreditRateRangeForTier
FNF:6
FNH:0
FNDA:0,computeRiskBand
FNDA:0,computeReliabilityTier
FNDA:0,clampScore
FNDA:0,computeReliabilityBasePoints
FNDA:0,getPayoutPercentForTier
FNDA:0,getCreditRateRangeForTier
DA:20,0
DA:21,0
DA:22,0
DA:23,0
DA:24,0
DA:25,0
DA:41,0
DA:42,0
DA:43,0
DA:44,0
DA:45,0
DA:51,0
DA:52,0
DA:67,0
DA:77,0
DA:79,0
DA:81,0
DA:84,0
DA:85,0
DA:86,0
DA:87,0
DA:88,0
DA:89,0
DA:91,0
DA:94,0
DA:97,0
DA:100,0
DA:103,0
DA:106,0
DA:110,0
DA:111,0
DA:113,0
DA:124,0
DA:125,0
DA:126,0
DA:127,0
DA:128,0
DA:129,0
DA:130,0
DA:141,0
DA:142,0
DA:143,0
DA:144,0
DA:145,0
DA:146,0
DA:147,0
LF:46
LH:0
BRDA:21,0,0,0
BRDA:21,0,1,0
BRDA:22,1,0,0
BRDA:22,1,1,0
BRDA:23,2,0,0
BRDA:23,2,1,0
BRDA:24,3,0,0
BRDA:24,3,1,0
BRDA:42,4,0,0
BRDA:42,4,1,0
BRDA:43,5,0,0
BRDA:43,5,1,0
BRDA:44,6,0,0
BRDA:44,6,1,0
BRDA:51,7,0,0
BRDA:51,8,0,0
BRDA:79,9,0,0
BRDA:79,9,1,0
BRDA:85,10,0,0
BRDA:85,10,1,0
BRDA:86,11,0,0
BRDA:86,11,1,0
BRDA:87,12,0,0
BRDA:87,12,1,0
BRDA:88,13,0,0
BRDA:88,13,1,0
BRDA:89,14,0,0
BRDA:89,14,1,0
BRDA:125,15,0,0
BRDA:125,15,1,0
BRDA:125,15,2,0
BRDA:125,15,3,0
BRDA:125,15,4,0
BRDA:142,16,0,0
BRDA:142,16,1,0
BRDA:142,16,2,0
BRDA:142,16,3,0
BRDA:142,16,4,0
BRF:38
BRH:0
end_of_record
TN:
SF:src\core\timeBuckets.ts
FN:9,hoursDiff
FN:17,minutesDiff
FN:25,daysAgo
FN:39,getTimeBucket
FN:50,computeHoursBeforeStart
FN:60,computeWindow
FN:70,baseFeePctForWindow
FN:80,bucketToString
FNF:8
FNH:0
FNDA:0,hoursDiff
FNDA:0,minutesDiff
FNDA:0,daysAgo
FNDA:0,getTimeBucket
FNDA:0,computeHoursBeforeStart
FNDA:0,computeWindow
FNDA:0,baseFeePctForWindow
FNDA:0,bucketToString
DA:9,0
DA:10,0
DA:11,0
DA:17,0
DA:18,0
DA:19,0
DA:25,0
DA:26,0
DA:27,0
DA:39,0
DA:40,0
DA:41,0
DA:42,0
DA:43,0
DA:44,0
DA:50,0
DA:54,0
DA:60,0
DA:61,0
DA:62,0
DA:63,0
DA:64,0
DA:70,0
DA:71,0
DA:72,0
DA:73,0
DA:74,0
DA:80,0
DA:81,0
DA:82,0
DA:83,0
DA:84,0
DA:85,0
DA:86,0
LF:34
LH:0
BRDA:40,0,0,0
BRDA:40,0,1,0
BRDA:41,1,0,0
BRDA:41,1,1,0
BRDA:42,2,0,0
BRDA:42,2,1,0
BRDA:43,3,0,0
BRDA:43,3,1,0
BRDA:61,4,0,0
BRDA:61,4,1,0
BRDA:62,5,0,0
BRDA:62,5,1,0
BRDA:63,6,0,0
BRDA:63,6,1,0
BRDA:71,7,0,0
BRDA:71,7,1,0
BRDA:71,8,0,0
BRDA:71,8,1,0
BRDA:72,9,0,0
BRDA:72,9,1,0
BRDA:73,10,0,0
BRDA:73,10,1,0
BRDA:81,11,0,0
BRDA:81,11,1,0
BRDA:81,11,2,0
BRDA:81,11,3,0
BRDA:81,11,4,0
BRF:27
BRH:0
end_of_record
TN:
SF:src\core\db\cancellationDb.ts
FN:47,insertCancellationEvent
FN:113,applyCancellationCredits
FN:191,getClientGraceRemaining
FN:215,useGraceCancellation
FN:243,getClientCancellationStats
FN:277,getCleanerCancellationStats
FN:312,markClientNoShow
FN:324,markCleanerNoShow
FNF:8
FNH:0
FNDA:0,insertCancellationEvent
FNDA:0,applyCancellationCredits
FNDA:0,getClientGraceRemaining
FNDA:0,useGraceCancellation
FNDA:0,getClientCancellationStats
FNDA:0,getCleanerCancellationStats
FNDA:0,markClientNoShow
FNDA:0,markCleanerNoShow
DA:4,0
DA:5,0
DA:47,0
DA:50,0
DA:82,0
DA:84,0
DA:93,0
DA:113,0
DA:130,0
DA:133,0
DA:134,0
DA:140,0
DA:148,0
DA:149,0
DA:155,0
DA:163,0
DA:164,0
DA:170,0
DA:178,0
DA:191,0
DA:192,0
DA:204,0
DA:205,0
DA:208,0
DA:209,0
DA:215,0
DA:219,0
DA:227,0
DA:233,0
DA:243,0
DA:252,0
DA:265,0
DA:266,0
DA:277,0
DA:285,0
DA:297,0
DA:298,0
DA:312,0
DA:313,0
DA:318,0
DA:324,0
DA:325,0
DA:330,0
LF:43
LH:0
BRDA:61,0,0,0
BRDA:61,0,1,0
BRDA:62,1,0,0
BRDA:62,1,1,0
BRDA:64,2,0,0
BRDA:64,2,1,0
BRDA:76,3,0,0
BRDA:76,3,1,0
BRDA:77,4,0,0
BRDA:77,4,1,0
BRDA:78,5,0,0
BRDA:78,5,1,0
BRDA:133,6,0,0
BRDA:133,6,1,0
BRDA:148,7,0,0
BRDA:148,7,1,0
BRDA:163,8,0,0
BRDA:163,8,1,0
BRDA:163,9,0,0
BRDA:163,9,1,0
BRDA:204,10,0,0
BRDA:204,10,1,0
BRDA:230,11,0,0
BRDA:230,11,1,0
BRDA:265,12,0,0
BRDA:265,12,1,0
BRDA:267,13,0,0
BRDA:267,13,1,0
BRDA:268,14,0,0
BRDA:268,14,1,0
BRDA:269,15,0,0
BRDA:269,15,1,0
BRDA:270,16,0,0
BRDA:270,16,1,0
BRDA:297,17,0,0
BRDA:297,17,1,0
BRDA:299,18,0,0
BRDA:299,18,1,0
BRDA:300,19,0,0
BRDA:300,19,1,0
BRDA:301,20,0,0
BRDA:301,20,1,0
BRF:42
BRH:0
end_of_record
TN:
SF:src\core\db\clientRiskDb.ts
FN:38,sumClientRiskEventWeightsSince
FN:63,clientRiskEventsExistSince
FN:90,getClientsWithEventsSince
FN:98,(anonymous_3)
FN:110,upsertClientRiskScore
FN:135,getClientRiskScore
FN:163,insertClientRiskEvent
FN:195,logClientRiskEvents
FN:248,logLateRescheduleEvent
FN:265,logLateReschedulePatternEvent
FN:282,logCancellationEvent
FN:329,logClientNoShowEvent
FN:345,logCardDeclineEvent
FN:374,logChargebackEvent
FN:391,logAbuseFlagEvent
FN:411,countLateReschedulesLast14Days
FN:427,getActiveClients
FN:438,(anonymous_17)
FNF:18
FNH:0
FNDA:0,sumClientRiskEventWeightsSince
FNDA:0,clientRiskEventsExistSince
FNDA:0,getClientsWithEventsSince
FNDA:0,(anonymous_3)
FNDA:0,upsertClientRiskScore
FNDA:0,getClientRiskScore
FNDA:0,insertClientRiskEvent
FNDA:0,logClientRiskEvents
FNDA:0,logLateRescheduleEvent
FNDA:0,logLateReschedulePatternEvent
FNDA:0,logCancellationEvent
FNDA:0,logClientNoShowEvent
FNDA:0,logCardDeclineEvent
FNDA:0,logChargebackEvent
FNDA:0,logAbuseFlagEvent
FNDA:0,countLateReschedulesLast14Days
FNDA:0,getActiveClients
FNDA:0,(anonymous_17)
DA:4,0
DA:5,0
DA:38,0
DA:42,0
DA:50,0
DA:63,0
DA:67,0
DA:77,0
DA:90,0
DA:91,0
DA:98,0
DA:110,0
DA:115,0
DA:125,0
DA:135,0
DA:136,0
DA:143,0
DA:145,0
DA:146,0
DA:163,0
DA:170,0
DA:183,0
DA:189,0
DA:195,0
DA:202,0
DA:203,0
DA:211,0
DA:248,0
DA:253,0
DA:265,0
DA:270,0
DA:282,0
DA:292,0
DA:293,0
DA:294,0
DA:295,0
DA:296,0
DA:300,0
DA:301,0
DA:306,0
DA:315,0
DA:316,0
DA:329,0
DA:333,0
DA:345,0
DA:350,0
DA:359,0
DA:361,0
DA:362,0
DA:374,0
DA:379,0
DA:391,0
DA:396,0
DA:411,0
DA:412,0
DA:421,0
DA:427,0
DA:428,0
DA:438,0
LF:59
LH:0
BRDA:50,0,0,0
BRDA:50,0,1,0
BRDA:77,1,0,0
BRDA:77,1,1,0
BRDA:143,2,0,0
BRDA:143,2,1,0
BRDA:176,3,0,0
BRDA:176,3,1,0
BRDA:179,4,0,0
BRDA:179,4,1,0
BRDA:292,5,0,0
BRDA:292,5,1,0
BRDA:294,6,0,0
BRDA:294,6,1,0
BRDA:295,7,0,0
BRDA:295,7,1,0
BRDA:296,8,0,0
BRDA:296,8,1,0
BRDA:300,9,0,0
BRDA:300,9,1,0
BRDA:301,10,0,0
BRDA:301,10,1,0
BRDA:315,11,0,0
BRDA:315,11,1,0
BRDA:359,12,0,0
BRDA:359,12,1,0
BRDA:361,13,0,0
BRDA:361,13,1,0
BRDA:421,14,0,0
BRDA:421,14,1,0
BRF:30
BRH:0
end_of_record
TN:
SF:src\core\db\index.ts
FN:116,(anonymous_10)
FNF:1
FNH:0
FNDA:0,(anonymous_10)
DA:5,0
DA:8,0
DA:11,0
DA:14,0
DA:17,0
DA:20,0
DA:21,0
DA:22,0
DA:23,0
DA:24,0
DA:32,0
DA:123,0
DA:124,0
LF:13
LH:0
BRF:0
BRH:0
end_of_record
TN:
SF:src\core\db\matchingDb.ts
FN:57,getCandidatesForJob
FN:176,(anonymous_1)
FN:201,mapTierFromDb
FN:218,logMatchRecommendation
FN:244,getMatchHistoryForJob
FN:258,(anonymous_5)
FN:273,assignCleanerToJob
FN:295,getJobWithClientProfile
FNF:8
FNH:0
FNDA:0,getCandidatesForJob
FNDA:0,(anonymous_1)
FNDA:0,mapTierFromDb
FNDA:0,logMatchRecommendation
FNDA:0,getMatchHistoryForJob
FNDA:0,(anonymous_5)
FNDA:0,assignCleanerToJob
FNDA:0,getJobWithClientProfile
DA:4,0
DA:5,0
DA:57,0
DA:67,0
DA:69,0
DA:70,0
DA:71,0
DA:72,0
DA:83,0
DA:176,0
DA:202,0
DA:203,0
DA:204,0
DA:205,0
DA:206,0
DA:207,0
DA:218,0
DA:226,0
DA:244,0
DA:250,0
DA:258,0
DA:273,0
DA:278,0
DA:285,0
DA:295,0
DA:307,0
DA:326,0
DA:328,0
DA:329,0
LF:29
LH:0
BRDA:179,0,0,0
BRDA:179,0,1,0
BRDA:181,1,0,0
BRDA:181,1,1,0
BRDA:182,2,0,0
BRDA:182,2,1,0
BRDA:183,3,0,0
BRDA:183,3,1,0
BRDA:186,4,0,0
BRDA:186,4,1,0
BRDA:187,5,0,0
BRDA:187,5,1,0
BRDA:202,6,0,0
BRDA:202,6,1,0
BRDA:203,7,0,0
BRDA:203,7,1,0
BRDA:203,7,2,0
BRDA:203,7,3,0
BRDA:203,7,4,0
BRDA:326,8,0,0
BRDA:326,8,1,0
BRDA:332,9,0,0
BRDA:332,9,1,0
BRDA:333,10,0,0
BRDA:333,10,1,0
BRF:25
BRH:0
end_of_record
TN:
SF:src\core\db\reliabilityDb.ts
FN:48,getCleanerMetricsById
FN:84,computeCleanerMetrics
FN:134,upsertCleanerMetrics
FN:177,sumCleanerEventWeightsSince
FN:202,countCleanerWeeklyStreaks
FN:223,updateCleanerWeeklyStreak
FN:274,updateCleanerReliability
FN:304,countJobsForCleaner
FN:323,insertCleanerEvent
FN:349,getActiveCleaners
FN:354,(anonymous_10)
FN:360,refreshCleanerMetrics
FNF:12
FNH:0
FNDA:0,getCleanerMetricsById
FNDA:0,computeCleanerMetrics
FNDA:0,upsertCleanerMetrics
FNDA:0,sumCleanerEventWeightsSince
FNDA:0,countCleanerWeeklyStreaks
FNDA:0,updateCleanerWeeklyStreak
FNDA:0,updateCleanerReliability
FNDA:0,countJobsForCleaner
FNDA:0,insertCleanerEvent
FNDA:0,getActiveCleaners
FNDA:0,(anonymous_10)
FNDA:0,refreshCleanerMetrics
DA:4,0
DA:5,0
DA:48,0
DA:50,0
DA:55,0
DA:56,0
DA:57,0
DA:73,0
DA:76,0
DA:78,0
DA:85,0
DA:114,0
DA:116,0
DA:135,0
DA:177,0
DA:181,0
DA:189,0
DA:202,0
DA:206,0
DA:216,0
DA:223,0
DA:228,0
DA:230,0
DA:247,0
DA:250,0
DA:255,0
DA:262,0
DA:274,0
DA:278,0
DA:280,0
DA:287,0
DA:304,0
DA:305,0
DA:313,0
DA:323,0
DA:330,0
DA:343,0
DA:349,0
DA:350,0
DA:354,0
DA:360,0
DA:361,0
DA:362,0
LF:43
LH:0
BRDA:55,0,0,0
BRDA:55,0,1,0
BRDA:59,1,0,0
BRDA:59,1,1,0
BRDA:60,2,0,0
BRDA:60,2,1,0
BRDA:61,3,0,0
BRDA:61,3,1,0
BRDA:62,4,0,0
BRDA:62,4,1,0
BRDA:63,5,0,0
BRDA:63,5,1,0
BRDA:64,6,0,0
BRDA:64,6,1,0
BRDA:65,7,0,0
BRDA:65,7,1,0
BRDA:66,8,0,0
BRDA:66,8,1,0
BRDA:67,9,0,0
BRDA:67,9,1,0
BRDA:114,10,0,0
BRDA:114,10,1,0
BRDA:118,11,0,0
BRDA:118,11,1,0
BRDA:119,12,0,0
BRDA:119,12,1,0
BRDA:120,13,0,0
BRDA:120,13,1,0
BRDA:121,14,0,0
BRDA:121,14,1,0
BRDA:122,15,0,0
BRDA:122,15,1,0
BRDA:123,16,0,0
BRDA:123,16,1,0
BRDA:124,17,0,0
BRDA:124,17,1,0
BRDA:125,18,0,0
BRDA:125,18,1,0
BRDA:126,19,0,0
BRDA:126,19,1,0
BRDA:189,20,0,0
BRDA:189,20,1,0
BRDA:204,21,0,0
BRDA:216,22,0,0
BRDA:216,22,1,0
BRDA:247,23,0,0
BRDA:247,23,1,0
BRDA:250,24,0,0
BRDA:250,24,1,0
BRDA:250,24,2,0
BRDA:250,24,3,0
BRDA:250,24,4,0
BRDA:250,24,5,0
BRDA:250,25,0,0
BRDA:250,25,1,0
BRDA:251,26,0,0
BRDA:251,26,1,0
BRDA:313,27,0,0
BRDA:313,27,1,0
BRDA:336,28,0,0
BRDA:336,28,1,0
BRDA:339,29,0,0
BRDA:339,29,1,0
BRF:63
BRH:0
end_of_record
TN:
SF:src\core\db\rescheduleDb.ts
FN:43,insertRescheduleEvent
FN:94,updateRescheduleEvent
FN:137,findRescheduleEventById
FN:157,countReschedulesForJob
FN:177,countLateClientReschedulesLt24LastNDays
FN:203,updateJobStartTime
FN:242,isCleanerAvailableForRange
FN:315,logCleanerDeclineReasonableRequest
FN:343,mapRescheduleEventRow
FN:367,getPendingReschedulesForJob
FN:382,getCleanerRescheduleStats
FNF:11
FNH:0
FNDA:0,insertRescheduleEvent
FNDA:0,updateRescheduleEvent
FNDA:0,findRescheduleEventById
FNDA:0,countReschedulesForJob
FNDA:0,countLateClientReschedulesLt24LastNDays
FNDA:0,updateJobStartTime
FNDA:0,isCleanerAvailableForRange
FNDA:0,logCleanerDeclineReasonableRequest
FNDA:0,mapRescheduleEventRow
FNDA:0,getPendingReschedulesForJob
FNDA:0,getCleanerRescheduleStats
DA:4,0
DA:5,0
DA:43,0
DA:44,0
DA:71,0
DA:73,0
DA:81,0
DA:94,0
DA:98,0
DA:99,0
DA:100,0
DA:102,0
DA:103,0
DA:104,0
DA:106,0
DA:107,0
DA:108,0
DA:110,0
DA:111,0
DA:112,0
DA:115,0
DA:123,0
DA:124,0
DA:127,0
DA:137,0
DA:138,0
DA:143,0
DA:145,0
DA:157,0
DA:158,0
DA:165,0
DA:177,0
DA:181,0
DA:191,0
DA:203,0
DA:205,0
DA:210,0
DA:211,0
DA:214,0
DA:215,0
DA:216,0
DA:217,0
DA:219,0
DA:226,0
DA:242,0
DA:248,0
DA:251,0
DA:261,0
DA:262,0
DA:270,0
DA:279,0
DA:280,0
DA:284,0
DA:285,0
DA:286,0
DA:288,0
DA:298,0
DA:299,0
DA:302,0
DA:315,0
DA:320,0
DA:330,0
DA:344,0
DA:367,0
DA:368,0
DA:376,0
DA:382,0
DA:389,0
DA:399,0
DA:411,0
LF:70
LH:0
BRDA:66,0,0,0
BRDA:66,0,1,0
BRDA:67,1,0,0
BRDA:67,1,1,0
BRDA:102,2,0,0
BRDA:102,2,1,0
BRDA:106,3,0,0
BRDA:106,3,1,0
BRDA:110,4,0,0
BRDA:110,4,1,0
BRDA:123,5,0,0
BRDA:123,5,1,0
BRDA:143,6,0,0
BRDA:143,6,1,0
BRDA:165,7,0,0
BRDA:165,7,1,0
BRDA:191,8,0,0
BRDA:191,8,1,0
BRDA:210,9,0,0
BRDA:210,9,1,0
BRDA:248,10,0,0
BRDA:248,10,1,0
BRDA:261,11,0,0
BRDA:261,11,1,0
BRDA:279,12,0,0
BRDA:279,12,1,0
BRDA:298,13,0,0
BRDA:298,13,1,0
BRDA:326,14,0,0
BRDA:326,14,1,0
BRDA:412,15,0,0
BRDA:412,15,1,0
BRDA:413,16,0,0
BRDA:413,16,1,0
BRF:34
BRH:0
end_of_record
TN:
SF:src\db\client.ts
FN:19,query
FN:27,withTransaction
FNF:2
FNH:2
FNDA:11,query
FNDA:5,withTransaction
DA:1,2
DA:2,2
DA:5,2
DA:9,2
DA:19,2
DA:20,11
DA:21,11
DA:27,2
DA:30,5
DA:31,5
DA:32,5
DA:33,5
DA:34,5
DA:35,5
DA:37,0
DA:38,0
DA:40,5
LF:17
LH:15
BRDA:5,0,0,2
BRDA:5,0,1,2
BRDA:5,0,2,0
BRDA:12,1,0,2
BRDA:12,1,1,0
BRDA:14,2,0,2
BRDA:14,2,1,0
BRF:7
BRH:4
end_of_record
TN:
SF:src\lib\alerting.ts
FN:14,sendAlert
FN:33,(anonymous_1)
FN:39,(anonymous_2)
FN:45,(anonymous_3)
FN:51,(anonymous_4)
FN:57,(anonymous_5)
FN:65,sendSlackAlert
FN:78,sendEmailAlert
FNF:8
FNH:0
FNDA:0,sendAlert
FNDA:0,(anonymous_1)
FNDA:0,(anonymous_2)
FNDA:0,(anonymous_3)
FNDA:0,(anonymous_4)
FNDA:0,(anonymous_5)
FNDA:0,sendSlackAlert
FNDA:0,sendEmailAlert
DA:4,0
DA:5,0
DA:14,0
DA:15,0
DA:18,0
DA:20,0
DA:28,0
DA:32,0
DA:33,0
DA:39,0
DA:45,0
DA:51,0
DA:57,0
DA:66,0
DA:67,0
DA:68,0
DA:74,0
DA:79,0
DA:80,0
DA:81,0
DA:100,0
LF:21
LH:0
BRDA:15,0,0,0
BRDA:66,1,0,0
BRDA:66,1,1,0
BRDA:79,2,0,0
BRDA:79,2,1,0
BRDA:79,3,0,0
BRDA:79,3,1,0
BRDA:94,4,0,0
BRDA:94,4,1,0
BRF:9
BRH:0
end_of_record
TN:
SF:src\lib\auth.ts
FN:36,hashPassword
FN:43,verifyPassword
FN:55,signAuthToken
FN:72,verifyAuthToken
FN:88,extractBearerToken
FN:100,authMiddlewareAttachUser
FN:120,auth
FN:121,(anonymous_8)
FN:155,adminOnly
FN:208,verifyN8nSignature
FN:268,computeN8nSignature
FNF:11
FNH:7
FNDA:5,hashPassword
FNDA:2,verifyPassword
FNDA:6,signAuthToken
FNDA:2,verifyAuthToken
FNDA:4,extractBearerToken
FNDA:0,authMiddlewareAttachUser
FNDA:4,auth
FNDA:4,(anonymous_8)
FNDA:0,adminOnly
FNDA:0,verifyN8nSignature
FNDA:0,computeN8nSignature
DA:6,1
DA:7,1
DA:8,1
DA:9,1
DA:36,1
DA:37,5
DA:43,1
DA:44,2
DA:55,1
DA:56,6
DA:58,6
DA:72,1
DA:73,2
DA:74,1
DA:89,4
DA:90,4
DA:91,2
DA:93,2
DA:100,1
DA:105,0
DA:106,0
DA:107,0
DA:108,0
DA:113,0
DA:120,1
DA:121,4
DA:122,4
DA:124,4
DA:125,2
DA:128,2
DA:131,2
DA:132,2
DA:133,1
DA:136,1
DA:137,0
DA:140,0
DA:143,1
DA:145,1
DA:155,1
DA:156,0
DA:158,0
DA:159,0
DA:162,0
DA:165,0
DA:166,0
DA:167,0
DA:169,0
DA:170,0
DA:173,0
DA:176,0
DA:178,0
DA:208,1
DA:213,0
DA:216,0
DA:217,0
DA:219,0
DA:222,0
DA:225,0
DA:226,0
DA:230,0
DA:231,0
DA:232,0
DA:235,0
DA:239,0
DA:240,0
DA:241,0
DA:242,0
DA:245,0
DA:246,0
DA:247,0
DA:252,0
DA:255,0
DA:256,0
DA:259,0
DA:262,0
DA:268,1
DA:269,0
DA:270,0
DA:271,0
DA:272,0
LF:80
LH:34
BRDA:56,0,0,6
BRDA:56,0,1,6
BRDA:90,1,0,2
BRDA:90,1,1,2
BRDA:106,2,0,0
BRDA:106,2,1,0
BRDA:124,3,0,2
BRDA:124,3,1,2
BRDA:136,4,0,0
BRDA:136,4,1,1
BRDA:136,5,0,1
BRDA:136,5,1,0
BRDA:136,5,2,0
BRDA:158,6,0,0
BRDA:158,6,1,0
BRDA:169,7,0,0
BRDA:169,7,1,0
BRDA:216,8,0,0
BRDA:216,8,1,0
BRDA:217,9,0,0
BRDA:217,9,1,0
BRDA:231,10,0,0
BRDA:231,10,1,0
BRDA:231,11,0,0
BRDA:231,11,1,0
BRDA:239,12,0,0
BRDA:239,12,1,0
BRDA:248,13,0,0
BRDA:248,13,1,0
BRDA:255,14,0,0
BRDA:255,14,1,0
BRDA:269,15,0,0
BRDA:269,15,1,0
BRF:33
BRH:8
end_of_record
TN:
SF:src\lib\communicationValidation.ts
FN:49,(anonymous_0)
FN:57,(anonymous_1)
FN:75,validateEmailPayload
FN:79,(anonymous_3)
FN:114,validateTemplateKey
FN:133,templateKeyToEnvVar
FN:158,getTemplateIdFromEnvVar
FN:171,createCommunicationPayload
FN:231,getEventNameFromTemplateKey
FNF:9
FNH:0
FNDA:0,(anonymous_0)
FNDA:0,(anonymous_1)
FNDA:0,validateEmailPayload
FNDA:0,(anonymous_3)
FNDA:0,validateTemplateKey
FNDA:0,templateKeyToEnvVar
FNDA:0,getTemplateIdFromEnvVar
FNDA:0,createCommunicationPayload
FNDA:0,getEventNameFromTemplateKey
DA:5,0
DA:6,0
DA:15,0
DA:47,0
DA:49,0
DA:57,0
DA:75,0
DA:76,0
DA:78,0
DA:79,0
DA:80,0
DA:83,0
DA:86,0
DA:87,0
DA:91,0
DA:92,0
DA:96,0
DA:97,0
DA:99,0
DA:100,0
DA:103,0
DA:104,0
DA:107,0
DA:114,0
DA:118,0
DA:120,0
DA:121,0
DA:126,0
DA:135,0
DA:137,0
DA:138,0
DA:141,0
DA:142,0
DA:145,0
DA:148,0
DA:149,0
DA:152,0
DA:158,0
DA:159,0
DA:161,0
DA:162,0
DA:165,0
DA:171,0
DA:181,0
DA:184,0
DA:192,0
DA:193,0
DA:196,0
DA:197,0
DA:201,0
DA:211,0
DA:231,0
DA:232,0
LF:53
LH:0
BRDA:78,0,0,0
BRDA:78,0,1,0
BRDA:86,1,0,0
BRDA:86,1,1,0
BRDA:86,2,0,0
BRDA:86,2,1,0
BRDA:91,3,0,0
BRDA:91,3,1,0
BRDA:91,4,0,0
BRDA:91,4,1,0
BRDA:99,5,0,0
BRDA:99,5,1,0
BRDA:99,6,0,0
BRDA:99,6,1,0
BRDA:103,7,0,0
BRDA:103,7,1,0
BRDA:103,8,0,0
BRDA:103,8,1,0
BRDA:120,9,0,0
BRDA:120,9,1,0
BRDA:137,10,0,0
BRDA:137,10,1,0
BRDA:148,11,0,0
BRDA:148,11,1,0
BRDA:161,12,0,0
BRDA:161,12,1,0
BRDA:188,13,0,0
BRDA:188,13,1,0
BRDA:192,14,0,0
BRDA:192,14,1,0
BRDA:192,15,0,0
BRDA:192,15,1,0
BRDA:196,16,0,0
BRDA:196,16,1,0
BRDA:196,17,0,0
BRDA:196,17,1,0
BRDA:232,18,0,0
BRDA:232,18,1,0
BRF:38
BRH:0
end_of_record
TN:
SF:src\lib\events.ts
FN:40,publishEvent
FN:101,(anonymous_10)
FN:113,maybeSendNotifications
FN:122,(anonymous_12)
FN:214,maybeForwardToN8n
FN:244,getJobEvents
FN:261,getEventsByType
FN:281,getEventsByActor
FNF:8
FNH:0
FNDA:0,publishEvent
FNDA:0,(anonymous_10)
FNDA:0,maybeSendNotifications
FNDA:0,(anonymous_12)
FNDA:0,maybeForwardToN8n
FNDA:0,getJobEvents
FNDA:0,getEventsByType
FNDA:0,getEventsByActor
DA:6,0
DA:7,0
DA:8,0
DA:9,0
DA:40,0
DA:47,0
DA:49,0
DA:53,0
DA:54,0
DA:55,0
DA:71,0
DA:79,0
DA:101,0
DA:102,0
DA:118,0
DA:120,0
DA:122,0
DA:125,0
DA:134,0
DA:135,0
DA:139,0
DA:143,0
DA:144,0
DA:147,0
DA:149,0
DA:155,0
DA:156,0
DA:160,0
DA:161,0
DA:164,0
DA:167,0
DA:171,0
DA:172,0
DA:175,0
DA:189,0
DA:190,0
DA:191,0
DA:203,0
DA:221,0
DA:223,0
DA:224,0
DA:233,0
DA:244,0
DA:245,0
DA:255,0
DA:261,0
DA:265,0
DA:275,0
DA:281,0
DA:285,0
DA:295,0
LF:51
LH:0
BRDA:42,0,0,0
BRDA:43,1,0,0
BRDA:44,2,0,0
BRDA:46,3,0,0
BRDA:53,4,0,0
BRDA:53,4,1,0
BRDA:118,5,0,0
BRDA:118,5,1,0
BRDA:134,6,0,0
BRDA:134,6,1,0
BRDA:144,7,0,0
BRDA:144,7,1,0
BRDA:149,8,0,0
BRDA:149,8,1,0
BRDA:149,8,2,0
BRDA:149,8,3,0
BRDA:149,8,4,0
BRDA:149,8,5,0
BRDA:164,9,0,0
BRDA:164,9,1,0
BRDA:172,10,0,0
BRDA:172,10,1,0
BRDA:190,11,0,0
BRDA:190,11,1,0
BRDA:221,12,0,0
BRDA:221,12,1,0
BRDA:244,13,0,0
BRDA:263,14,0,0
BRDA:283,15,0,0
BRF:29
BRH:0
end_of_record
TN:
SF:src\lib\gracefulShutdown.ts
FN:13,setupGracefulShutdown
FN:14,(anonymous_1)
FN:24,(anonymous_2)
FN:46,(anonymous_3)
FN:53,(anonymous_4)
FN:54,(anonymous_5)
FN:57,(anonymous_6)
FN:66,(anonymous_7)
FN:76,isShuttingDown
FNF:9
FNH:0
FNDA:0,setupGracefulShutdown
FNDA:0,(anonymous_1)
FNDA:0,(anonymous_2)
FNDA:0,(anonymous_3)
FNDA:0,(anonymous_4)
FNDA:0,(anonymous_5)
FNDA:0,(anonymous_6)
FNDA:0,(anonymous_7)
FNDA:0,isShuttingDown
DA:5,0
DA:6,0
DA:8,0
DA:13,0
DA:14,0
DA:15,0
DA:16,0
DA:17,0
DA:20,0
DA:21,0
DA:24,0
DA:25,0
DA:26,0
DA:27,0
DA:30,0
DA:32,0
DA:34,0
DA:35,0
DA:37,0
DA:38,0
DA:40,0
DA:41,0
DA:46,0
DA:47,0
DA:48,0
DA:53,0
DA:54,0
DA:57,0
DA:58,0
DA:62,0
DA:66,0
DA:67,0
DA:76,0
DA:77,0
LF:34
LH:0
BRDA:15,0,0,0
BRDA:15,0,1,0
BRDA:25,1,0,0
BRDA:25,1,1,0
BRF:4
BRH:0
end_of_record
TN:
SF:src\lib\httpClient.ts
FN:18,postJson
FN:23,(anonymous_2)
FN:42,(anonymous_3)
FN:44,(anonymous_4)
FN:45,(anonymous_5)
FN:59,(anonymous_6)
FN:72,request
FN:76,(anonymous_8)
FN:90,(anonymous_9)
FN:92,(anonymous_10)
FN:95,(anonymous_11)
FN:104,(anonymous_12)
FNF:12
FNH:0
FNDA:0,postJson
FNDA:0,(anonymous_2)
FNDA:0,(anonymous_3)
FNDA:0,(anonymous_4)
FNDA:0,(anonymous_5)
FNDA:0,(anonymous_6)
FNDA:0,request
FNDA:0,(anonymous_8)
FNDA:0,(anonymous_9)
FNDA:0,(anonymous_10)
FNDA:0,(anonymous_11)
FNDA:0,(anonymous_12)
DA:4,0
DA:5,0
DA:6,0
DA:18,0
DA:23,0
DA:24,0
DA:25,0
DA:26,0
DA:27,0
DA:29,0
DA:42,0
DA:44,0
DA:45,0
DA:46,0
DA:47,0
DA:49,0
DA:58,0
DA:59,0
DA:60,0
DA:61,0
DA:64,0
DA:65,0
DA:72,0
DA:76,0
DA:77,0
DA:78,0
DA:79,0
DA:81,0
DA:90,0
DA:91,0
DA:92,0
DA:93,0
DA:95,0
DA:96,0
DA:103,0
DA:104,0
DA:105,0
DA:106,0
DA:109,0
LF:39
LH:0
BRDA:27,0,0,0
BRDA:27,0,1,0
BRDA:31,1,0,0
BRDA:31,1,1,0
BRDA:31,2,0,0
BRDA:31,2,1,0
BRDA:33,3,0,0
BRDA:33,3,1,0
BRDA:39,4,0,0
BRDA:39,4,1,0
BRDA:46,5,0,0
BRDA:46,5,1,0
BRDA:46,6,0,0
BRDA:46,6,1,0
BRDA:46,6,2,0
BRDA:51,7,0,0
BRDA:51,7,1,0
BRDA:79,8,0,0
BRDA:79,8,1,0
BRDA:83,9,0,0
BRDA:83,9,1,0
BRDA:83,10,0,0
BRDA:83,10,1,0
BRDA:85,11,0,0
BRDA:85,11,1,0
BRDA:86,12,0,0
BRDA:86,12,1,0
BRDA:87,13,0,0
BRDA:87,13,1,0
BRDA:97,14,0,0
BRDA:97,14,1,0
BRF:31
BRH:0
end_of_record
TN:
SF:src\lib\logger.ts
FN:29,withRequestContext
FN:40,getRequestContext
FN:47,enrichContext
FN:57,generateRequestId
FN:95,log
FN:134,(anonymous_5)
FN:163,startTimer
FN:165,(anonymous_7)
FN:173,(anonymous_8)
FN:174,(anonymous_9)
FN:175,(anonymous_10)
FN:176,(anonymous_11)
FN:181,(anonymous_12)
FN:187,(anonymous_13)
FN:188,(anonymous_14)
FN:190,(anonymous_15)
FN:192,(anonymous_16)
FN:194,(anonymous_17)
FN:204,(anonymous_18)
FN:205,(anonymous_19)
FNF:20
FNH:5
FNDA:0,withRequestContext
FNDA:0,getRequestContext
FNDA:0,enrichContext
FNDA:0,generateRequestId
FNDA:7,log
FNDA:47,(anonymous_5)
FNDA:0,startTimer
FNDA:0,(anonymous_7)
FNDA:6,(anonymous_8)
FNDA:1,(anonymous_9)
FNDA:0,(anonymous_10)
FNDA:0,(anonymous_11)
FNDA:0,(anonymous_12)
FNDA:1,(anonymous_13)
FNDA:0,(anonymous_14)
FNDA:0,(anonymous_15)
FNDA:0,(anonymous_16)
FNDA:0,(anonymous_17)
FNDA:0,(anonymous_18)
FNDA:0,(anonymous_19)
DA:4,1
DA:23,1
DA:29,1
DA:33,0
DA:34,0
DA:40,1
DA:41,0
DA:47,1
DA:48,0
DA:49,0
DA:50,0
DA:57,1
DA:58,0
DA:59,0
DA:60,0
DA:93,1
DA:96,7
DA:98,7
DA:118,7
DA:119,0
DA:124,0
DA:125,0
DA:133,7
DA:134,47
DA:137,7
DA:140,7
DA:142,0
DA:143,0
DA:145,1
DA:146,1
DA:148,0
DA:149,0
DA:151,0
DA:154,6
DA:155,6
DA:163,1
DA:164,0
DA:165,0
DA:172,1
DA:173,6
DA:174,1
DA:175,0
DA:176,0
DA:182,0
DA:187,1
DA:189,0
DA:191,0
DA:193,0
DA:195,0
DA:203,1
DA:204,1
DA:205,1
LF:52
LH:26
BRDA:33,0,0,0
BRDA:33,0,1,0
BRDA:49,1,0,0
BRDA:49,1,1,0
BRDA:93,2,0,1
BRDA:93,2,1,1
BRDA:104,3,0,7
BRDA:104,3,1,0
BRDA:118,4,0,0
BRDA:118,4,1,7
BRDA:140,5,0,0
BRDA:140,5,1,1
BRDA:140,5,2,0
BRDA:140,5,3,6
BRDA:140,5,4,6
BRDA:148,6,0,0
BRDA:148,6,1,0
BRF:17
BRH:7
end_of_record
TN:
SF:src\lib\n8nClient.ts
FN:17,n8nApiRequest
FN:57,triggerN8nWorkflow
FN:85,getWorkflowExecutions
FN:117,getWorkflowStatus
FN:139,listWorkflows
FN:154,setWorkflowActive
FN:178,getExecutionDetails
FN:194,triggerN8nWorkflowWithRetry
FN:215,(anonymous_8)
FN:225,isN8nConfigured
FN:232,testN8nConnection
FNF:11
FNH:0
FNDA:0,n8nApiRequest
FNDA:0,triggerN8nWorkflow
FNDA:0,getWorkflowExecutions
FNDA:0,getWorkflowStatus
FNDA:0,listWorkflows
FNDA:0,setWorkflowActive
FNDA:0,getExecutionDetails
FNDA:0,triggerN8nWorkflowWithRetry
FNDA:0,(anonymous_8)
FNDA:0,isN8nConfigured
FNDA:0,testN8nConnection
DA:4,0
DA:5,0
DA:7,0
DA:21,0
DA:23,0
DA:24,0
DA:25,0
DA:28,0
DA:29,0
DA:38,0
DA:39,0
DA:40,0
DA:43,0
DA:45,0
DA:50,0
DA:57,0
DA:61,0
DA:62,0
DA:67,0
DA:72,0
DA:74,0
DA:78,0
DA:85,0
DA:92,0
DA:94,0
DA:99,0
DA:100,0
DA:104,0
DA:106,0
DA:110,0
DA:117,0
DA:124,0
DA:125,0
DA:126,0
DA:128,0
DA:132,0
DA:139,0
DA:140,0
DA:141,0
DA:142,0
DA:144,0
DA:147,0
DA:154,0
DA:158,0
DA:159,0
DA:164,0
DA:166,0
DA:171,0
DA:178,0
DA:179,0
DA:180,0
DA:181,0
DA:183,0
DA:187,0
DA:194,0
DA:199,0
DA:200,0
DA:201,0
DA:203,0
DA:204,0
DA:207,0
DA:208,0
DA:215,0
DA:219,0
DA:225,0
DA:226,0
DA:232,0
DA:237,0
DA:238,0
DA:239,0
DA:245,0
DA:247,0
DA:252,0
LF:73
LH:0
BRDA:19,0,0,0
BRDA:21,1,0,0
BRDA:23,2,0,0
BRDA:23,2,1,0
BRDA:35,3,0,0
BRDA:35,3,1,0
BRDA:38,4,0,0
BRDA:38,4,1,0
BRDA:72,5,0,0
BRDA:72,5,1,0
BRDA:87,6,0,0
BRDA:92,7,0,0
BRDA:96,8,0,0
BRDA:96,8,1,0
BRDA:104,9,0,0
BRDA:104,9,1,0
BRDA:126,10,0,0
BRDA:126,10,1,0
BRDA:142,11,0,0
BRDA:142,11,1,0
BRDA:181,12,0,0
BRDA:181,12,1,0
BRDA:197,13,0,0
BRDA:203,14,0,0
BRDA:203,14,1,0
BRDA:226,15,0,0
BRDA:226,15,1,0
BRDA:238,16,0,0
BRDA:238,16,1,0
BRF:29
BRH:0
end_of_record
TN:
SF:src\lib\queue.ts
FN:54,(anonymous_0)
FN:60,(anonymous_1)
FN:68,(anonymous_2)
FN:98,(anonymous_3)
FN:114,(anonymous_4)
FN:194,(anonymous_5)
FN:233,(anonymous_6)
FN:253,(anonymous_7)
FN:278,enqueue
FN:286,processQueue
FNF:10
FNH:0
FNDA:0,(anonymous_0)
FNDA:0,(anonymous_1)
FNDA:0,(anonymous_2)
FNDA:0,(anonymous_3)
FNDA:0,(anonymous_4)
FNDA:0,(anonymous_5)
FNDA:0,(anonymous_6)
FNDA:0,(anonymous_7)
FNDA:0,enqueue
FNDA:0,processQueue
DA:4,0
DA:5,0
DA:38,0
DA:55,0
DA:61,0
DA:62,0
DA:73,0
DA:75,0
DA:90,0
DA:91,0
DA:92,0
DA:103,0
DA:104,0
DA:105,0
DA:106,0
DA:108,0
DA:118,0
DA:119,0
DA:120,0
DA:121,0
DA:125,0
DA:144,0
DA:145,0
DA:147,0
DA:148,0
DA:149,0
DA:151,0
DA:155,0
DA:157,0
DA:159,0
DA:161,0
DA:177,0
DA:179,0
DA:188,0
DA:200,0
DA:201,0
DA:203,0
DA:221,0
DA:222,0
DA:234,0
DA:247,0
DA:254,0
DA:267,0
DA:272,0
DA:278,0
DA:283,0
DA:286,0
DA:290,0
LF:48
LH:0
BRDA:71,0,0,0
BRDA:73,1,0,0
BRDA:73,2,0,0
BRDA:85,3,0,0
BRDA:85,3,1,0
BRDA:101,4,0,0
BRDA:116,5,0,0
BRDA:119,6,0,0
BRDA:119,6,1,0
BRDA:171,7,0,0
BRDA:171,7,1,0
BRDA:200,8,0,0
BRDA:200,8,1,0
BRDA:201,9,0,0
BRDA:201,9,1,0
BRDA:223,10,0,0
BRDA:223,10,1,0
BRDA:224,11,0,0
BRDA:224,11,1,0
BRDA:225,12,0,0
BRDA:225,12,1,0
BRDA:226,13,0,0
BRDA:226,13,1,0
BRDA:247,14,0,0
BRDA:247,14,1,0
BRDA:253,15,0,0
BRDA:267,16,0,0
BRDA:267,16,1,0
BRF:28
BRH:0
end_of_record
TN:
SF:src\lib\redis.ts
FN:14,initRedis
FN:24,(anonymous_1)
FN:34,(anonymous_2)
FN:38,(anonymous_3)
FN:42,(anonymous_4)
FN:60,getRedisClient
FN:67,closeRedis
FN:83,isRedisAvailable
FNF:8
FNH:0
FNDA:0,initRedis
FNDA:0,(anonymous_1)
FNDA:0,(anonymous_2)
FNDA:0,(anonymous_3)
FNDA:0,(anonymous_4)
FNDA:0,getRedisClient
FNDA:0,closeRedis
FNDA:0,isRedisAvailable
DA:4,0
DA:5,0
DA:6,0
DA:8,0
DA:14,0
DA:15,0
DA:16,0
DA:17,0
DA:20,0
DA:21,0
DA:25,0
DA:26,0
DA:27,0
DA:29,0
DA:34,0
DA:35,0
DA:38,0
DA:39,0
DA:42,0
DA:43,0
DA:46,0
DA:47,0
DA:49,0
DA:53,0
DA:60,0
DA:61,0
DA:67,0
DA:68,0
DA:69,0
DA:70,0
DA:71,0
DA:73,0
DA:83,0
DA:84,0
LF:34
LH:0
BRDA:15,0,0,0
BRDA:15,0,1,0
BRDA:25,1,0,0
BRDA:25,1,1,0
BRDA:68,2,0,0
BRDA:68,2,1,0
BRDA:84,3,0,0
BRDA:84,3,1,0
BRF:8
BRH:0
end_of_record
TN:
SF:src\lib\security.ts
FN:20,(anonymous_0)
FN:34,getClientIp
FN:51,createRateLimiter
FN:64,(anonymous_3)
FN:229,endpointRateLimiter
FN:237,(anonymous_5)
FN:242,(anonymous_6)
FN:339,userRateLimiter
FN:346,(anonymous_8)
FN:359,combinedRateLimiter
FN:378,(anonymous_10)
FN:380,(anonymous_11)
FN:395,requireJsonContentType
FN:422,sanitizeBody
FN:443,additionalSecurityHeaders
FNF:15
FNH:3
FNDA:0,(anonymous_0)
FNDA:18,getClientIp
FNDA:4,createRateLimiter
FNDA:18,(anonymous_3)
FNDA:0,endpointRateLimiter
FNDA:0,(anonymous_5)
FNDA:0,(anonymous_6)
FNDA:0,userRateLimiter
FNDA:0,(anonymous_8)
FNDA:0,combinedRateLimiter
FNDA:0,(anonymous_10)
FNDA:0,(anonymous_11)
FNDA:0,requireJsonContentType
FNDA:0,sanitizeBody
FNDA:0,additionalSecurityHeaders
DA:5,1
DA:17,1
DA:20,1
DA:21,0
DA:22,0
DA:24,0
DA:25,0
DA:26,0
DA:35,18
DA:36,18
DA:38,0
DA:39,0
DA:41,18
DA:51,1
DA:62,4
DA:64,4
DA:65,18
DA:66,18
DA:68,18
DA:70,18
DA:72,1
DA:73,1
DA:76,1
DA:77,1
DA:78,1
DA:80,1
DA:81,1
DA:84,17
DA:86,17
DA:88,0
DA:89,0
DA:91,0
DA:92,0
DA:93,0
DA:95,0
DA:96,0
DA:99,17
DA:100,17
DA:101,17
DA:103,17
DA:104,17
DA:105,17
DA:107,17
DA:108,0
DA:116,0
DA:117,0
DA:124,0
DA:127,17
DA:139,1
DA:150,1
DA:160,1
DA:170,1
DA:194,1
DA:229,1
DA:232,0
DA:235,0
DA:237,0
DA:238,0
DA:239,0
DA:242,0
DA:243,0
DA:247,0
DA:249,0
DA:250,0
DA:251,0
DA:254,0
DA:258,0
DA:259,0
DA:263,0
DA:264,0
DA:265,0
DA:268,0
DA:269,0
DA:271,0
DA:273,0
DA:274,0
DA:276,0
DA:277,0
DA:278,0
DA:280,0
DA:281,0
DA:282,0
DA:284,0
DA:285,0
DA:288,0
DA:290,0
DA:291,0
DA:292,0
DA:294,0
DA:295,0
DA:296,0
DA:298,0
DA:299,0
DA:302,0
DA:303,0
DA:304,0
DA:306,0
DA:307,0
DA:308,0
DA:310,0
DA:311,0
DA:320,0
DA:321,0
DA:328,0
DA:331,0
DA:339,1
DA:344,0
DA:348,0
DA:349,0
DA:350,0
DA:359,1
DA:366,0
DA:372,0
DA:378,0
DA:380,0
DA:381,0
DA:383,0
DA:395,1
DA:400,0
DA:401,0
DA:402,0
DA:405,0
DA:406,0
DA:407,0
DA:413,0
DA:416,0
DA:422,1
DA:427,0
DA:429,0
DA:430,0
DA:431,0
DA:433,0
DA:443,1
DA:449,0
DA:450,0
DA:451,0
DA:454,0
DA:455,0
DA:456,0
DA:458,0
LF:140
LH:41
BRDA:25,0,0,0
BRDA:25,0,1,0
BRDA:36,1,0,0
BRDA:36,1,1,18
BRDA:38,2,0,0
BRDA:38,2,1,0
BRDA:41,3,0,18
BRDA:41,3,1,0
BRDA:41,3,2,0
BRDA:60,4,0,4
BRDA:61,5,0,0
BRDA:70,6,0,1
BRDA:70,6,1,17
BRDA:86,7,0,0
BRDA:86,7,1,17
BRDA:107,8,0,0
BRDA:107,8,1,17
BRDA:232,9,0,0
BRDA:232,9,1,0
BRDA:243,10,0,0
BRDA:243,10,1,0
BRDA:247,11,0,0
BRDA:247,11,1,0
BRDA:249,12,0,0
BRDA:249,12,1,0
BRDA:250,13,0,0
BRDA:250,13,1,0
BRDA:258,14,0,0
BRDA:258,14,1,0
BRDA:268,15,0,0
BRDA:268,15,1,0
BRDA:276,16,0,0
BRDA:276,16,1,0
BRDA:290,17,0,0
BRDA:290,17,1,0
BRDA:310,18,0,0
BRDA:310,18,1,0
BRDA:324,19,0,0
BRDA:324,19,1,0
BRDA:349,20,0,0
BRDA:349,20,1,0
BRDA:381,21,0,0
BRDA:381,21,1,0
BRDA:381,22,0,0
BRDA:381,22,1,0
BRDA:400,23,0,0
BRDA:400,23,1,0
BRDA:400,24,0,0
BRDA:400,24,1,0
BRDA:400,24,2,0
BRDA:406,25,0,0
BRDA:406,25,1,0
BRDA:406,26,0,0
BRDA:406,26,1,0
BRDA:427,27,0,0
BRDA:427,27,1,0
BRDA:427,28,0,0
BRDA:427,28,1,0
BRF:58
BRH:7
end_of_record
TN:
SF:src\lib\tiers.ts
FN:110,toCanonicalTier
FN:133,toLegacyTier
FN:156,getTierFromScore
FN:166,getLegacyTierFromScore
FN:173,getTierConfig
FN:181,getPayoutPercent
FN:188,getCreditRateRange
FN:196,isTierHigher
FN:206,getNextTier
FN:217,getPreviousTier
FN:228,canPromoteToNextTier
FN:237,shouldDemoteTier
FN:245,formatTierDisplay
FNF:13
FNH:0
FNDA:0,toCanonicalTier
FNDA:0,toLegacyTier
FNDA:0,getTierFromScore
FNDA:0,getLegacyTierFromScore
FNDA:0,getTierConfig
FNDA:0,getPayoutPercent
FNDA:0,getCreditRateRange
FNDA:0,isTierHigher
FNDA:0,getNextTier
FNDA:0,getPreviousTier
FNDA:0,canPromoteToNextTier
FNDA:0,shouldDemoteTier
FNDA:0,formatTierDisplay
DA:47,0
DA:89,0
DA:99,0
DA:110,0
DA:111,0
DA:113,0
DA:116,0
DA:117,0
DA:121,0
DA:122,0
DA:123,0
DA:124,0
DA:125,0
DA:126,0
DA:133,0
DA:134,0
DA:136,0
DA:139,0
DA:140,0
DA:144,0
DA:145,0
DA:146,0
DA:147,0
DA:148,0
DA:149,0
DA:156,0
DA:157,0
DA:158,0
DA:159,0
DA:160,0
DA:166,0
DA:167,0
DA:173,0
DA:174,0
DA:175,0
DA:181,0
DA:182,0
DA:188,0
DA:189,0
DA:190,0
DA:196,0
DA:197,0
DA:198,0
DA:199,0
DA:200,0
DA:206,0
DA:207,0
DA:208,0
DA:209,0
DA:210,0
DA:211,0
DA:217,0
DA:218,0
DA:219,0
DA:220,0
DA:221,0
DA:222,0
DA:228,0
DA:229,0
DA:230,0
DA:231,0
DA:237,0
DA:238,0
DA:239,0
DA:245,0
DA:246,0
DA:252,0
DA:257,0
LF:68
LH:0
BRDA:111,0,0,0
BRDA:111,0,1,0
BRDA:116,1,0,0
BRDA:116,1,1,0
BRDA:121,2,0,0
BRDA:121,2,1,0
BRDA:121,2,2,0
BRDA:121,2,3,0
BRDA:121,2,4,0
BRDA:134,3,0,0
BRDA:134,3,1,0
BRDA:139,4,0,0
BRDA:139,4,1,0
BRDA:144,5,0,0
BRDA:144,5,1,0
BRDA:144,5,2,0
BRDA:144,5,3,0
BRDA:144,5,4,0
BRDA:157,6,0,0
BRDA:157,6,1,0
BRDA:158,7,0,0
BRDA:158,7,1,0
BRDA:159,8,0,0
BRDA:159,8,1,0
BRDA:210,9,0,0
BRDA:210,9,1,0
BRDA:221,10,0,0
BRDA:221,10,1,0
BRDA:230,11,0,0
BRDA:230,11,1,0
BRF:30
BRH:0
end_of_record
TN:
SF:src\lib\validation.ts
FN:11,validateBody
FN:12,(anonymous_1)
FN:34,validateQuery
FN:35,(anonymous_3)
FN:56,validateParams
FN:57,(anonymous_5)
FNF:6
FNH:0
FNDA:0,validateBody
FNDA:0,(anonymous_1)
FNDA:0,validateQuery
FNDA:0,(anonymous_3)
FNDA:0,validateParams
FNDA:0,(anonymous_5)
DA:11,0
DA:12,0
DA:13,0
DA:15,0
DA:16,0
DA:26,0
DA:27,0
DA:34,0
DA:35,0
DA:36,0
DA:38,0
DA:39,0
DA:48,0
DA:49,0
DA:56,0
DA:57,0
DA:58,0
DA:60,0
DA:61,0
DA:70,0
DA:71,0
LF:21
LH:0
BRDA:15,0,0,0
BRDA:15,0,1,0
BRDA:38,1,0,0
BRDA:38,1,1,0
BRDA:60,2,0,0
BRDA:60,2,1,0
BRF:6
BRH:0
end_of_record
TN:
SF:src\lib\workerUtils.ts
FN:21,runWorkerWithLock
FN:104,(anonymous_1)
FN:121,(anonymous_2)
FN:136,getWorkerLockId
FNF:4
FNH:0
FNDA:0,runWorkerWithLock
FNDA:0,(anonymous_1)
FNDA:0,(anonymous_2)
FNDA:0,getWorkerLockId
DA:4,0
DA:5,0
DA:21,0
DA:26,0
DA:27,0
DA:29,0
DA:31,0
DA:36,0
DA:37,0
DA:42,0
DA:46,0
DA:54,0
DA:56,0
DA:62,0
DA:65,0
DA:66,0
DA:85,0
DA:91,0
DA:94,0
DA:95,0
DA:105,0
DA:113,0
DA:118,0
DA:121,0
DA:122,0
DA:128,0
DA:136,0
DA:139,0
DA:140,0
DA:141,0
DA:142,0
DA:143,0
DA:146,0
LF:33
LH:0
BRDA:36,0,0,0
BRDA:36,0,1,0
BRDA:54,1,0,0
BRDA:54,1,1,0
BRDA:65,2,0,0
BRDA:65,2,1,0
BRDA:77,3,0,0
BRDA:77,3,1,0
BRDA:78,4,0,0
BRDA:78,4,1,0
BRDA:94,5,0,0
BRDA:94,5,1,0
BRF:12
BRH:0
end_of_record
TN:
SF:src\middleware\auth.ts
FN:23,authMiddleware
FNF:1
FNH:0
FNDA:0,authMiddleware
DA:2,0
DA:3,0
DA:23,0
DA:25,0
DA:26,0
DA:31,0
DA:39,0
DA:40,0
DA:42,0
DA:43,0
DA:48,0
DA:49,0
DA:55,0
DA:62,0
DA:63,0
LF:15
LH:0
BRDA:25,0,0,0
BRDA:25,0,1,0
BRDA:39,1,0,0
BRDA:39,1,1,0
BRDA:40,2,0,0
BRDA:40,2,1,0
BRDA:42,3,0,0
BRDA:42,3,1,0
BRDA:42,4,0,0
BRDA:42,4,1,0
BRDA:48,5,0,0
BRDA:48,5,1,0
BRF:12
BRH:0
end_of_record
TN:
SF:src\middleware\jwtAuth.ts
FN:12,(anonymous_0)
FN:32,jwtAuthMiddleware
FN:100,optionalJwtAuth
FN:130,requireRole
FN:131,(anonymous_4)
FNF:5
FNH:0
FNDA:0,(anonymous_0)
FNDA:0,jwtAuthMiddleware
FNDA:0,optionalJwtAuth
FNDA:0,requireRole
FNDA:0,(anonymous_4)
DA:5,0
DA:6,0
DA:7,0
DA:12,0
DA:13,0
DA:14,0
DA:32,0
DA:37,0
DA:40,0
DA:41,0
DA:42,0
DA:44,0
DA:45,0
DA:52,0
DA:53,0
DA:58,0
DA:59,0
DA:63,0
DA:64,0
DA:72,0
DA:74,0
DA:75,0
DA:76,0
DA:81,0
DA:83,0
DA:87,0
DA:100,0
DA:105,0
DA:107,0
DA:108,0
DA:111,0
DA:113,0
DA:114,0
DA:115,0
DA:124,0
DA:130,0
DA:131,0
DA:132,0
DA:133,0
DA:138,0
DA:139,0
DA:147,0
LF:42
LH:0
BRDA:40,0,0,0
BRDA:40,0,1,0
BRDA:44,1,0,0
BRDA:44,1,1,0
BRDA:44,2,0,0
BRDA:44,2,1,0
BRDA:52,3,0,0
BRDA:52,3,1,0
BRDA:63,4,0,0
BRDA:63,4,1,0
BRDA:63,5,0,0
BRDA:63,5,1,0
BRDA:79,6,0,0
BRDA:79,6,1,0
BRDA:107,7,0,0
BRDA:107,7,1,0
BRDA:107,8,0,0
BRDA:107,8,1,0
BRDA:118,9,0,0
BRDA:118,9,1,0
BRDA:132,10,0,0
BRDA:132,10,1,0
BRDA:138,11,0,0
BRDA:138,11,1,0
BRF:24
BRH:0
end_of_record
TN:
SF:src\middleware\rateLimit.ts
FN:28,rateLimit
FN:43,(anonymous_1)
FN:57,(anonymous_2)
FN:116,(anonymous_3)
FN:137,defaultKeyGenerator
FN:152,userKeyGenerator
FNF:6
FNH:0
FNDA:0,rateLimit
FNDA:0,(anonymous_1)
FNDA:0,(anonymous_2)
FNDA:0,(anonymous_3)
FNDA:0,defaultKeyGenerator
FNDA:0,userKeyGenerator
DA:5,0
DA:23,0
DA:28,0
DA:36,0
DA:39,0
DA:40,0
DA:43,0
DA:44,0
DA:45,0
DA:47,0
DA:48,0
DA:49,0
DA:50,0
DA:55,0
DA:57,0
DA:59,0
DA:60,0
DA:63,0
DA:64,0
DA:65,0
DA:68,0
DA:69,0
DA:72,0
DA:73,0
DA:80,0
DA:83,0
DA:84,0
DA:87,0
DA:88,0
DA:89,0
DA:92,0
DA:93,0
DA:101,0
DA:103,0
DA:113,0
DA:114,0
DA:116,0
DA:117,0
DA:118,0
DA:120,0
DA:121,0
DA:123,0
DA:124,0
DA:126,0
DA:130,0
DA:139,0
DA:141,0
DA:146,0
DA:152,0
DA:153,0
DA:154,0
DA:155,0
DA:163,0
DA:173,0
DA:182,0
DA:191,0
LF:56
LH:0
BRDA:32,0,0,0
BRDA:33,1,0,0
BRDA:34,2,0,0
BRDA:45,3,0,0
BRDA:45,3,1,0
BRDA:49,4,0,0
BRDA:49,4,1,0
BRDA:59,5,0,0
BRDA:59,5,1,0
BRDA:59,6,0,0
BRDA:59,6,1,0
BRDA:64,7,0,0
BRDA:64,7,1,0
BRDA:72,8,0,0
BRDA:72,8,1,0
BRDA:72,9,0,0
BRDA:72,9,1,0
BRDA:92,10,0,0
BRDA:92,10,1,0
BRDA:113,11,0,0
BRDA:113,11,1,0
BRDA:117,12,0,0
BRDA:117,12,1,0
BRDA:120,13,0,0
BRDA:120,13,1,0
BRDA:123,14,0,0
BRDA:123,14,1,0
BRDA:141,15,0,0
BRDA:141,15,1,0
BRDA:141,15,2,0
BRDA:141,15,3,0
BRDA:141,16,0,0
BRDA:141,16,1,0
BRDA:154,17,0,0
BRDA:154,17,1,0
BRF:35
BRH:0
end_of_record
TN:
SF:src\middleware\requestContext.ts
FN:27,requestContextMiddleware
FN:54,(anonymous_1)
FN:56,(anonymous_2)
FN:68,enrichRequestContext
FN:80,getCurrentRequestId
FN:87,getCurrentCorrelationId
FNF:6
FNH:0
FNDA:0,requestContextMiddleware
FNDA:0,(anonymous_1)
FNDA:0,(anonymous_2)
FNDA:0,enrichRequestContext
FNDA:0,getCurrentRequestId
FNDA:0,getCurrentCorrelationId
DA:5,0
DA:8,0
DA:9,0
DA:27,0
DA:34,0
DA:38,0
DA:41,0
DA:42,0
DA:45,0
DA:46,0
DA:49,0
DA:56,0
DA:59,0
DA:68,0
DA:69,0
DA:70,0
DA:71,0
DA:80,0
DA:81,0
DA:87,0
DA:88,0
LF:21
LH:0
BRDA:34,0,0,0
BRDA:34,0,1,0
BRDA:38,1,0,0
BRDA:38,1,1,0
BRDA:70,2,0,0
BRDA:70,2,1,0
BRF:6
BRH:0
end_of_record
TN:
SF:src\middleware\security.ts
FN:10,securityHeaders
FN:47,sanitizeInput
FN:63,requestId
FN:70,generateRequestId
FNF:4
FNH:0
FNDA:0,securityHeaders
FNDA:0,sanitizeInput
FNDA:0,requestId
FNDA:0,generateRequestId
DA:10,0
DA:12,0
DA:15,0
DA:18,0
DA:21,0
DA:24,0
DA:27,0
DA:33,0
DA:34,0
DA:40,0
DA:47,0
DA:48,0
DA:50,0
DA:63,0
DA:64,0
DA:65,0
DA:66,0
DA:67,0
DA:71,0
LF:19
LH:0
BRDA:33,0,0,0
BRDA:33,0,1,0
BRDA:48,1,0,0
BRDA:48,1,1,0
BRDA:64,2,0,0
BRDA:64,2,1,0
BRF:6
BRH:0
end_of_record
TN:
SF:src\routes\admin.ts
FN:84,(anonymous_0)
FN:94,(anonymous_1)
FN:185,(anonymous_2)
FN:230,(anonymous_3)
FN:258,(anonymous_4)
FN:310,(anonymous_5)
FN:339,(anonymous_6)
FN:379,(anonymous_7)
FN:457,(anonymous_8)
FN:491,(anonymous_9)
FN:522,(anonymous_10)
FN:562,(anonymous_11)
FN:574,(anonymous_12)
FN:588,(anonymous_13)
FN:604,(anonymous_14)
FN:642,(anonymous_15)
FN:674,(anonymous_16)
FN:694,(anonymous_17)
FN:722,(anonymous_18)
FN:752,(anonymous_19)
FN:777,(anonymous_20)
FN:792,(anonymous_21)
FN:804,(anonymous_22)
FN:824,(anonymous_23)
FN:855,(anonymous_24)
FN:891,(anonymous_25)
FN:923,(anonymous_26)
FN:940,(anonymous_27)
FN:963,(anonymous_28)
FN:1005,(anonymous_29)
FN:1064,(anonymous_30)
FN:1093,(anonymous_31)
FN:1109,(anonymous_32)
FN:1125,(anonymous_33)
FN:1149,(anonymous_34)
FN:1176,(anonymous_35)
FN:1208,(anonymous_36)
FN:1234,(anonymous_37)
FN:1261,(anonymous_38)
FN:1288,(anonymous_39)
FN:1313,(anonymous_40)
FN:1339,(anonymous_41)
FN:1370,(anonymous_42)
FN:1400,(anonymous_43)
FN:1432,(anonymous_44)
FN:1477,(anonymous_45)
FN:1516,(anonymous_46)
FN:1539,(anonymous_47)
FNF:48
FNH:0
FNDA:0,(anonymous_0)
FNDA:0,(anonymous_1)
FNDA:0,(anonymous_2)
FNDA:0,(anonymous_3)
FNDA:0,(anonymous_4)
FNDA:0,(anonymous_5)
FNDA:0,(anonymous_6)
FNDA:0,(anonymous_7)
FNDA:0,(anonymous_8)
FNDA:0,(anonymous_9)
FNDA:0,(anonymous_10)
FNDA:0,(anonymous_11)
FNDA:0,(anonymous_12)
FNDA:0,(anonymous_13)
FNDA:0,(anonymous_14)
FNDA:0,(anonymous_15)
FNDA:0,(anonymous_16)
FNDA:0,(anonymous_17)
FNDA:0,(anonymous_18)
FNDA:0,(anonymous_19)
FNDA:0,(anonymous_20)
FNDA:0,(anonymous_21)
FNDA:0,(anonymous_22)
FNDA:0,(anonymous_23)
FNDA:0,(anonymous_24)
FNDA:0,(anonymous_25)
FNDA:0,(anonymous_26)
FNDA:0,(anonymous_27)
FNDA:0,(anonymous_28)
FNDA:0,(anonymous_29)
FNDA:0,(anonymous_30)
FNDA:0,(anonymous_31)
FNDA:0,(anonymous_32)
FNDA:0,(anonymous_33)
FNDA:0,(anonymous_34)
FNDA:0,(anonymous_35)
FNDA:0,(anonymous_36)
FNDA:0,(anonymous_37)
FNDA:0,(anonymous_38)
FNDA:0,(anonymous_39)
FNDA:0,(anonymous_40)
FNDA:0,(anonymous_41)
FNDA:0,(anonymous_42)
FNDA:0,(anonymous_43)
FNDA:0,(anonymous_44)
FNDA:0,(anonymous_45)
FNDA:0,(anonymous_46)
FNDA:0,(anonymous_47)
DA:4,0
DA:5,0
DA:6,0
DA:7,0
DA:8,0
DA:9,0
DA:20,0
DA:31,0
DA:42,0
DA:47,0
DA:51,0
DA:52,0
DA:59,0
DA:60,0
DA:61,0
DA:62,0
DA:63,0
DA:65,0
DA:66,0
DA:79,0
DA:82,0
DA:84,0
DA:85,0
DA:86,0
DA:90,0
DA:94,0
DA:95,0
DA:96,0
DA:97,0
DA:101,0
DA:103,0
DA:107,0
DA:185,0
DA:186,0
DA:195,0
DA:197,0
DA:207,0
DA:209,0
DA:213,0
DA:227,0
DA:231,0
DA:232,0
DA:233,0
DA:234,0
DA:236,0
DA:237,0
DA:241,0
DA:255,0
DA:259,0
DA:260,0
DA:261,0
DA:263,0
DA:268,0
DA:274,0
DA:278,0
DA:292,0
DA:306,0
DA:311,0
DA:312,0
DA:313,0
DA:314,0
DA:316,0
DA:318,0
DA:320,0
DA:325,0
DA:339,0
DA:340,0
DA:341,0
DA:343,0
DA:348,0
DA:353,0
DA:357,0
DA:370,0
DA:375,0
DA:380,0
DA:381,0
DA:382,0
DA:385,0
DA:389,0
DA:390,0
DA:391,0
DA:394,0
DA:395,0
DA:399,0
DA:400,0
DA:401,0
DA:404,0
DA:418,0
DA:424,0
DA:431,0
DA:433,0
DA:434,0
DA:439,0
DA:453,0
DA:458,0
DA:459,0
DA:460,0
DA:461,0
DA:463,0
DA:469,0
DA:471,0
DA:472,0
DA:477,0
DA:491,0
DA:492,0
DA:493,0
DA:495,0
DA:500,0
DA:505,0
DA:509,0
DA:522,0
DA:523,0
DA:524,0
DA:526,0
DA:527,0
DA:528,0
DA:530,0
DA:531,0
DA:532,0
DA:535,0
DA:536,0
DA:538,0
DA:539,0
DA:541,0
DA:545,0
DA:562,0
DA:563,0
DA:564,0
DA:566,0
DA:574,0
DA:575,0
DA:577,0
DA:578,0
DA:588,0
DA:589,0
DA:590,0
DA:591,0
DA:593,0
DA:594,0
DA:604,0
DA:605,0
DA:606,0
DA:607,0
DA:609,0
DA:610,0
DA:616,0
DA:618,0
DA:619,0
DA:629,0
DA:638,0
DA:643,0
DA:644,0
DA:646,0
DA:648,0
DA:649,0
DA:650,0
DA:661,0
DA:670,0
DA:675,0
DA:676,0
DA:677,0
DA:679,0
DA:681,0
DA:682,0
DA:683,0
DA:694,0
DA:695,0
DA:696,0
DA:697,0
DA:699,0
DA:700,0
DA:702,0
DA:703,0
DA:704,0
DA:714,0
DA:718,0
DA:723,0
DA:724,0
DA:725,0
DA:727,0
DA:728,0
DA:730,0
DA:731,0
DA:732,0
DA:743,0
DA:748,0
DA:753,0
DA:754,0
DA:755,0
DA:757,0
DA:758,0
DA:760,0
DA:761,0
DA:762,0
DA:777,0
DA:778,0
DA:779,0
DA:780,0
DA:782,0
DA:783,0
DA:792,0
DA:793,0
DA:794,0
DA:795,0
DA:797,0
DA:804,0
DA:805,0
DA:806,0
DA:807,0
DA:808,0
DA:809,0
DA:811,0
DA:812,0
DA:814,0
DA:821,0
DA:825,0
DA:826,0
DA:827,0
DA:828,0
DA:829,0
DA:833,0
DA:838,0
DA:839,0
DA:841,0
DA:842,0
DA:852,0
DA:856,0
DA:857,0
DA:858,0
DA:859,0
DA:864,0
DA:865,0
DA:866,0
DA:868,0
DA:874,0
DA:875,0
DA:877,0
DA:878,0
DA:888,0
DA:892,0
DA:893,0
DA:894,0
DA:895,0
DA:896,0
DA:900,0
DA:901,0
DA:907,0
DA:909,0
DA:910,0
DA:920,0
DA:924,0
DA:925,0
DA:926,0
DA:928,0
DA:929,0
DA:937,0
DA:941,0
DA:942,0
DA:943,0
DA:944,0
DA:945,0
DA:949,0
DA:950,0
DA:951,0
DA:953,0
DA:954,0
DA:963,0
DA:964,0
DA:965,0
DA:966,0
DA:967,0
DA:968,0
DA:970,0
DA:971,0
DA:980,0
DA:986,0
DA:988,0
DA:989,0
DA:997,0
DA:1001,0
DA:1006,0
DA:1007,0
DA:1008,0
DA:1010,0
DA:1014,0
DA:1015,0
DA:1016,0
DA:1020,0
DA:1031,0
DA:1033,0
DA:1040,0
DA:1042,0
DA:1043,0
DA:1054,0
DA:1055,0
DA:1060,0
DA:1065,0
DA:1066,0
DA:1067,0
DA:1069,0
DA:1079,0
DA:1081,0
DA:1083,0
DA:1084,0
DA:1093,0
DA:1094,0
DA:1095,0
DA:1096,0
DA:1098,0
DA:1099,0
DA:1109,0
DA:1110,0
DA:1111,0
DA:1112,0
DA:1114,0
DA:1115,0
DA:1125,0
DA:1126,0
DA:1127,0
DA:1128,0
DA:1130,0
DA:1131,0
DA:1141,0
DA:1145,0
DA:1150,0
DA:1151,0
DA:1152,0
DA:1154,0
DA:1155,0
DA:1156,0
DA:1167,0
DA:1172,0
DA:1177,0
DA:1178,0
DA:1184,0
DA:1186,0
DA:1187,0
DA:1188,0
DA:1199,0
DA:1204,0
DA:1209,0
DA:1210,0
DA:1216,0
DA:1218,0
DA:1219,0
DA:1220,0
DA:1231,0
DA:1235,0
DA:1236,0
DA:1237,0
DA:1239,0
DA:1240,0
DA:1241,0
DA:1252,0
DA:1257,0
DA:1262,0
DA:1263,0
DA:1269,0
DA:1271,0
DA:1272,0
DA:1273,0
DA:1288,0
DA:1289,0
DA:1290,0
DA:1291,0
DA:1293,0
DA:1294,0
DA:1304,0
DA:1309,0
DA:1314,0
DA:1315,0
DA:1321,0
DA:1323,0
DA:1324,0
DA:1339,0
DA:1340,0
DA:1341,0
DA:1343,0
DA:1350,0
DA:1359,0
DA:1360,0
DA:1370,0
DA:1371,0
DA:1372,0
DA:1374,0
DA:1380,0
DA:1389,0
DA:1390,0
DA:1400,0
DA:1401,0
DA:1402,0
DA:1403,0
DA:1405,0
DA:1406,0
DA:1411,0
DA:1413,0
DA:1414,0
DA:1424,0
DA:1428,0
DA:1433,0
DA:1434,0
DA:1435,0
DA:1436,0
DA:1438,0
DA:1440,0
DA:1454,0
DA:1456,0
DA:1457,0
DA:1458,0
DA:1469,0
DA:1473,0
DA:1478,0
DA:1479,0
DA:1480,0
DA:1481,0
DA:1483,0
DA:1485,0
DA:1497,0
DA:1499,0
DA:1500,0
DA:1501,0
DA:1516,0
DA:1517,0
DA:1520,0
DA:1522,0
DA:1528,0
DA:1529,0
DA:1539,0
DA:1540,0
DA:1541,0
DA:1542,0
DA:1544,0
DA:1546,0
DA:1551,0
DA:1555,0
DA:1561,0
LF:436
LH:0
BRDA:85,0,0,0
BRDA:85,0,1,0
BRDA:193,1,0,0
BRDA:194,2,0,0
BRDA:241,3,0,0
BRDA:241,3,1,0
BRDA:261,4,0,0
BRDA:341,5,0,0
BRDA:390,6,0,0
BRDA:390,6,1,0
BRDA:394,7,0,0
BRDA:394,7,1,0
BRDA:400,8,0,0
BRDA:400,8,1,0
BRDA:410,9,0,0
BRDA:410,9,1,0
BRDA:414,10,0,0
BRDA:414,10,1,0
BRDA:420,11,0,0
BRDA:420,11,1,0
BRDA:439,12,0,0
BRDA:439,12,1,0
BRDA:477,13,0,0
BRDA:477,13,1,0
BRDA:493,14,0,0
BRDA:524,15,0,0
BRDA:530,16,0,0
BRDA:530,16,1,0
BRDA:564,17,0,0
BRDA:564,18,0,0
BRDA:609,19,0,0
BRDA:609,19,1,0
BRDA:650,20,0,0
BRDA:650,20,1,0
BRDA:683,21,0,0
BRDA:683,21,1,0
BRDA:697,22,0,0
BRDA:704,23,0,0
BRDA:704,23,1,0
BRDA:732,24,0,0
BRDA:732,24,1,0
BRDA:762,25,0,0
BRDA:762,25,1,0
BRDA:808,26,0,0
BRDA:808,26,1,0
BRDA:828,27,0,0
BRDA:828,27,1,0
BRDA:843,28,0,0
BRDA:843,28,1,0
BRDA:865,29,0,0
BRDA:865,29,1,0
BRDA:870,30,0,0
BRDA:870,30,1,0
BRDA:872,31,0,0
BRDA:872,31,1,0
BRDA:879,32,0,0
BRDA:879,32,1,0
BRDA:895,33,0,0
BRDA:895,33,1,0
BRDA:911,34,0,0
BRDA:911,34,1,0
BRDA:944,35,0,0
BRDA:944,35,1,0
BRDA:967,36,0,0
BRDA:967,36,1,0
BRDA:1015,37,0,0
BRDA:1015,37,1,0
BRDA:1044,38,0,0
BRDA:1044,38,1,0
BRDA:1076,39,0,0
BRDA:1076,39,1,0
BRDA:1156,40,0,0
BRDA:1156,40,1,0
BRDA:1188,41,0,0
BRDA:1188,41,1,0
BRDA:1220,42,0,0
BRDA:1220,42,1,0
BRDA:1241,43,0,0
BRDA:1241,43,1,0
BRDA:1273,44,0,0
BRDA:1273,44,1,0
BRDA:1341,45,0,0
BRDA:1341,46,0,0
BRDA:1345,47,0,0
BRDA:1345,47,1,0
BRDA:1345,48,0,0
BRDA:1345,48,1,0
BRDA:1372,49,0,0
BRDA:1372,50,0,0
BRDA:1405,51,0,0
BRDA:1405,51,1,0
BRDA:1458,52,0,0
BRDA:1458,52,1,0
BRDA:1501,53,0,0
BRDA:1501,53,1,0
BRDA:1542,54,0,0
BRDA:1542,54,1,0
BRF:97
BRH:0
end_of_record
TN:
SF:src\routes\ai.ts
FN:23,(anonymous_9)
FN:54,(anonymous_10)
FN:110,(anonymous_11)
FN:137,(anonymous_12)
FN:184,(anonymous_13)
FN:208,(anonymous_14)
FN:260,(anonymous_15)
FN:278,(anonymous_16)
FN:318,(anonymous_17)
FNF:9
FNH:0
FNDA:0,(anonymous_9)
FNDA:0,(anonymous_10)
FNDA:0,(anonymous_11)
FNDA:0,(anonymous_12)
FNDA:0,(anonymous_13)
FNDA:0,(anonymous_14)
FNDA:0,(anonymous_15)
FNDA:0,(anonymous_16)
FNDA:0,(anonymous_17)
DA:4,0
DA:5,0
DA:6,0
DA:7,0
DA:8,0
DA:9,0
DA:10,0
DA:11,0
DA:12,0
DA:14,0
DA:17,0
DA:23,0
DA:24,0
DA:25,0
DA:27,0
DA:34,0
DA:35,0
DA:38,0
DA:40,0
DA:41,0
DA:49,0
DA:54,0
DA:55,0
DA:56,0
DA:57,0
DA:59,0
DA:60,0
DA:61,0
DA:63,0
DA:64,0
DA:65,0
DA:66,0
DA:69,0
DA:70,0
DA:71,0
DA:72,0
DA:75,0
DA:76,0
DA:78,0
DA:86,0
DA:88,0
DA:90,0
DA:91,0
DA:99,0
DA:110,0
DA:111,0
DA:112,0
DA:114,0
DA:116,0
DA:117,0
DA:125,0
DA:137,0
DA:138,0
DA:139,0
DA:140,0
DA:143,0
DA:148,0
DA:149,0
DA:152,0
DA:154,0
DA:155,0
DA:158,0
DA:166,0
DA:168,0
DA:169,0
DA:177,0
DA:184,0
DA:185,0
DA:186,0
DA:187,0
DA:189,0
DA:197,0
DA:199,0
DA:200,0
DA:208,0
DA:209,0
DA:210,0
DA:213,0
DA:226,0
DA:239,0
DA:247,0
DA:256,0
DA:260,0
DA:263,0
DA:264,0
DA:272,0
DA:278,0
DA:279,0
DA:280,0
DA:281,0
DA:284,0
DA:291,0
DA:294,0
DA:318,0
DA:319,0
DA:321,0
DA:332,0
DA:333,0
DA:335,0
DA:337,0
DA:338,0
DA:342,0
LF:102
LH:0
BRDA:34,0,0,0
BRDA:34,0,1,0
BRDA:63,1,0,0
BRDA:63,1,1,0
BRDA:69,2,0,0
BRDA:69,2,1,0
BRDA:148,3,0,0
BRDA:148,3,1,0
BRDA:154,4,0,0
BRDA:154,4,1,0
BRDA:259,5,0,0
BRDA:259,5,1,0
BRDA:297,6,0,0
BRDA:297,6,1,0
BRDA:322,7,0,0
BRDA:322,7,1,0
BRDA:332,8,0,0
BRDA:332,8,1,0
BRF:18
BRH:0
end_of_record
TN:
SF:src\routes\alerts.ts
FN:12,(anonymous_0)
FNF:1
FNH:0
FNDA:0,(anonymous_0)
DA:4,0
DA:5,0
DA:6,0
DA:8,0
DA:10,0
DA:12,0
DA:13,0
DA:14,0
DA:15,0
DA:21,0
DA:23,0
DA:27,0
LF:12
LH:0
BRDA:14,0,0,0
BRDA:14,1,0,0
BRDA:14,2,0,0
BRDA:14,2,1,0
BRDA:19,3,0,0
BRDA:19,3,1,0
BRF:6
BRH:0
end_of_record
TN:
SF:src\routes\analytics.ts
FN:32,parseTimeRange
FN:46,(anonymous_1)
FN:67,(anonymous_2)
FN:84,(anonymous_3)
FN:106,(anonymous_4)
FN:123,(anonymous_5)
FN:144,(anonymous_6)
FN:166,(anonymous_7)
FN:184,(anonymous_8)
FN:202,(anonymous_9)
FN:223,(anonymous_10)
FN:243,(anonymous_11)
FNF:12
FNH:0
FNDA:0,parseTimeRange
FNDA:0,(anonymous_1)
FNDA:0,(anonymous_2)
FNDA:0,(anonymous_3)
FNDA:0,(anonymous_4)
FNDA:0,(anonymous_5)
FNDA:0,(anonymous_6)
FNDA:0,(anonymous_7)
FNDA:0,(anonymous_8)
FNDA:0,(anonymous_9)
FNDA:0,(anonymous_10)
FNDA:0,(anonymous_11)
DA:5,0
DA:6,0
DA:7,0
DA:8,0
DA:9,0
DA:24,0
DA:27,0
DA:33,0
DA:34,0
DA:35,0
DA:46,0
DA:47,0
DA:48,0
DA:49,0
DA:50,0
DA:52,0
DA:53,0
DA:67,0
DA:68,0
DA:69,0
DA:70,0
DA:71,0
DA:73,0
DA:74,0
DA:84,0
DA:85,0
DA:86,0
DA:87,0
DA:88,0
DA:89,0
DA:91,0
DA:92,0
DA:106,0
DA:107,0
DA:108,0
DA:109,0
DA:110,0
DA:112,0
DA:113,0
DA:123,0
DA:124,0
DA:125,0
DA:126,0
DA:127,0
DA:129,0
DA:130,0
DA:144,0
DA:145,0
DA:146,0
DA:147,0
DA:148,0
DA:149,0
DA:151,0
DA:152,0
DA:166,0
DA:167,0
DA:168,0
DA:169,0
DA:170,0
DA:171,0
DA:173,0
DA:174,0
DA:184,0
DA:185,0
DA:186,0
DA:187,0
DA:188,0
DA:189,0
DA:191,0
DA:192,0
DA:202,0
DA:203,0
DA:204,0
DA:205,0
DA:206,0
DA:208,0
DA:209,0
DA:223,0
DA:224,0
DA:225,0
DA:226,0
DA:228,0
DA:229,0
DA:243,0
DA:244,0
DA:245,0
DA:246,0
DA:247,0
DA:249,0
DA:250,0
DA:256,0
LF:91
LH:0
BRDA:34,0,0,0
BRDA:34,0,1,0
BRDA:34,0,2,0
BRDA:35,1,0,0
BRDA:35,1,1,0
BRDA:87,2,0,0
BRDA:87,2,1,0
BRDA:147,3,0,0
BRDA:147,3,1,0
BRDA:169,4,0,0
BRDA:169,4,1,0
BRDA:187,5,0,0
BRDA:187,5,1,0
BRDA:204,6,0,0
BRDA:204,6,1,0
BRF:15
BRH:0
end_of_record
TN:
SF:src\routes\assignment.ts
FN:18,(anonymous_0)
FNF:1
FNH:0
FNDA:0,(anonymous_0)
DA:4,0
DA:5,0
DA:6,0
DA:7,0
DA:9,0
DA:11,0
DA:18,0
DA:19,0
DA:20,0
DA:21,0
DA:22,0
DA:24,0
DA:25,0
DA:26,0
DA:29,0
DA:30,0
DA:32,0
DA:33,0
DA:37,0
LF:19
LH:0
BRDA:21,0,0,0
BRDA:21,0,1,0
BRDA:22,1,0,0
BRDA:22,1,1,0
BRDA:25,2,0,0
BRDA:25,2,1,0
BRF:6
BRH:0
end_of_record
TN:
SF:src\routes\auth.ts
FN:63,(anonymous_0)
FN:104,(anonymous_1)
FN:138,(anonymous_2)
FN:165,(anonymous_3)
FN:192,(anonymous_4)
FN:232,(anonymous_5)
FNF:6
FNH:3
FNDA:9,(anonymous_0)
FNDA:5,(anonymous_1)
FNDA:1,(anonymous_2)
FNDA:0,(anonymous_3)
FNDA:0,(anonymous_4)
FNDA:0,(anonymous_5)
DA:4,1
DA:5,1
DA:6,1
DA:7,1
DA:8,1
DA:18,1
DA:20,1
DA:23,1
DA:29,1
DA:35,1
DA:40,1
DA:45,1
DA:49,1
DA:63,1
DA:64,9
DA:65,9
DA:67,6
DA:73,5
DA:78,5
DA:83,4
DA:86,4
DA:87,3
DA:93,1
DA:94,1
DA:104,1
DA:105,5
DA:106,5
DA:108,3
DA:109,1
DA:114,1
DA:119,4
DA:121,4
DA:122,2
DA:127,2
DA:128,2
DA:138,1
DA:139,1
DA:140,1
DA:141,1
DA:143,1
DA:144,0
DA:149,1
DA:154,0
DA:155,0
DA:165,1
DA:166,0
DA:167,0
DA:169,0
DA:171,0
DA:173,0
DA:175,0
DA:176,0
DA:181,0
DA:182,0
DA:192,1
DA:193,0
DA:194,0
DA:195,0
DA:199,0
DA:200,0
DA:201,0
DA:202,0
DA:203,0
DA:204,0
DA:206,0
DA:211,0
DA:213,0
DA:215,0
DA:216,0
DA:221,0
DA:222,0
DA:232,1
DA:233,0
DA:234,0
DA:236,0
DA:237,0
DA:242,0
DA:247,0
DA:249,0
DA:250,0
DA:256,1
LF:81
LH:45
BRDA:86,0,0,3
BRDA:86,0,1,1
BRDA:93,1,0,1
BRDA:93,1,1,0
BRDA:95,2,0,1
BRDA:95,2,1,0
BRDA:121,3,0,2
BRDA:121,3,1,2
BRDA:127,4,0,2
BRDA:127,4,1,0
BRDA:129,5,0,2
BRDA:129,5,1,0
BRDA:143,6,0,0
BRDA:143,6,1,1
BRDA:151,7,0,1
BRDA:151,7,1,0
BRDA:151,7,2,0
BRDA:175,8,0,0
BRDA:175,8,1,0
BRDA:181,9,0,0
BRDA:181,9,1,0
BRDA:183,10,0,0
BRDA:183,10,1,0
BRDA:199,11,0,0
BRDA:199,11,1,0
BRDA:202,12,0,0
BRDA:202,12,1,0
BRDA:215,13,0,0
BRDA:215,13,1,0
BRDA:221,14,0,0
BRDA:221,14,1,0
BRDA:223,15,0,0
BRDA:223,15,1,0
BRDA:236,16,0,0
BRDA:236,16,1,0
BRF:35
BRH:10
end_of_record
TN:
SF:src\routes\authEnhanced.ts
FN:111,(anonymous_0)
FN:134,(anonymous_1)
FN:166,(anonymous_2)
FN:187,(anonymous_3)
FN:218,(anonymous_4)
FN:242,(anonymous_5)
FN:260,(anonymous_6)
FN:293,(anonymous_7)
FN:316,(anonymous_8)
FN:343,(anonymous_9)
FN:367,(anonymous_10)
FN:387,(anonymous_11)
FN:414,(anonymous_12)
FN:445,(anonymous_13)
FN:466,(anonymous_14)
FN:482,(anonymous_15)
FN:507,(anonymous_16)
FN:523,(anonymous_17)
FN:539,(anonymous_18)
FN:559,(anonymous_19)
FN:583,(anonymous_20)
FN:588,(anonymous_21)
FN:608,(anonymous_22)
FN:636,(anonymous_23)
FN:658,(anonymous_24)
FNF:25
FNH:0
FNDA:0,(anonymous_0)
FNDA:0,(anonymous_1)
FNDA:0,(anonymous_2)
FNDA:0,(anonymous_3)
FNDA:0,(anonymous_4)
FNDA:0,(anonymous_5)
FNDA:0,(anonymous_6)
FNDA:0,(anonymous_7)
FNDA:0,(anonymous_8)
FNDA:0,(anonymous_9)
FNDA:0,(anonymous_10)
FNDA:0,(anonymous_11)
FNDA:0,(anonymous_12)
FNDA:0,(anonymous_13)
FNDA:0,(anonymous_14)
FNDA:0,(anonymous_15)
FNDA:0,(anonymous_16)
FNDA:0,(anonymous_17)
FNDA:0,(anonymous_18)
FNDA:0,(anonymous_19)
FNDA:0,(anonymous_20)
FNDA:0,(anonymous_21)
FNDA:0,(anonymous_22)
FNDA:0,(anonymous_23)
FNDA:0,(anonymous_24)
DA:4,0
DA:5,0
DA:7,0
DA:8,0
DA:12,0
DA:20,0
DA:26,0
DA:38,0
DA:47,0
DA:56,0
DA:59,0
DA:65,0
DA:69,0
DA:73,0
DA:78,0
DA:82,0
DA:86,0
DA:91,0
DA:95,0
DA:99,0
DA:111,0
DA:112,0
DA:113,0
DA:114,0
DA:116,0
DA:118,0
DA:123,0
DA:124,0
DA:134,0
DA:135,0
DA:136,0
DA:137,0
DA:139,0
DA:140,0
DA:145,0
DA:150,0
DA:151,0
DA:152,0
DA:156,0
DA:166,0
DA:167,0
DA:168,0
DA:169,0
DA:171,0
DA:176,0
DA:177,0
DA:187,0
DA:188,0
DA:189,0
DA:190,0
DA:192,0
DA:193,0
DA:198,0
DA:203,0
DA:204,0
DA:218,0
DA:219,0
DA:220,0
DA:221,0
DA:223,0
DA:226,0
DA:231,0
DA:232,0
DA:242,0
DA:243,0
DA:244,0
DA:245,0
DA:247,0
DA:249,0
DA:250,0
DA:260,0
DA:261,0
DA:262,0
DA:263,0
DA:265,0
DA:267,0
DA:268,0
DA:273,0
DA:278,0
DA:279,0
DA:293,0
DA:294,0
DA:295,0
DA:297,0
DA:305,0
DA:306,0
DA:316,0
DA:317,0
DA:318,0
DA:319,0
DA:321,0
DA:322,0
DA:327,0
DA:332,0
DA:333,0
DA:343,0
DA:344,0
DA:345,0
DA:349,0
DA:351,0
DA:356,0
DA:357,0
DA:367,0
DA:368,0
DA:369,0
DA:371,0
DA:376,0
DA:377,0
DA:387,0
DA:388,0
DA:389,0
DA:390,0
DA:392,0
DA:393,0
DA:398,0
DA:403,0
DA:404,0
DA:414,0
DA:415,0
DA:416,0
DA:421,0
DA:423,0
DA:424,0
DA:429,0
DA:434,0
DA:435,0
DA:445,0
DA:446,0
DA:447,0
DA:448,0
DA:450,0
DA:455,0
DA:456,0
DA:466,0
DA:467,0
DA:468,0
DA:469,0
DA:471,0
DA:472,0
DA:482,0
DA:483,0
DA:484,0
DA:486,0
DA:492,0
DA:493,0
DA:507,0
DA:508,0
DA:509,0
DA:510,0
DA:512,0
DA:513,0
DA:523,0
DA:524,0
DA:525,0
DA:526,0
DA:528,0
DA:529,0
DA:539,0
DA:540,0
DA:541,0
DA:543,0
DA:548,0
DA:549,0
DA:559,0
DA:560,0
DA:561,0
DA:563,0
DA:568,0
DA:569,0
DA:583,0
DA:584,0
DA:585,0
DA:588,0
DA:595,0
DA:597,0
DA:598,0
DA:608,0
DA:609,0
DA:610,0
DA:612,0
DA:613,0
DA:618,0
DA:620,0
DA:625,0
DA:626,0
DA:636,0
DA:637,0
DA:638,0
DA:640,0
DA:642,0
DA:647,0
DA:648,0
DA:658,0
DA:659,0
DA:660,0
DA:661,0
DA:663,0
DA:664,0
DA:670,0
LF:199
LH:0
BRDA:114,0,0,0
BRDA:114,0,1,0
BRDA:124,1,0,0
BRDA:124,1,1,0
BRDA:125,2,0,0
BRDA:125,2,1,0
BRDA:139,3,0,0
BRDA:139,3,1,0
BRDA:151,4,0,0
BRDA:151,4,1,0
BRDA:177,5,0,0
BRDA:177,5,1,0
BRDA:178,6,0,0
BRDA:178,6,1,0
BRDA:192,7,0,0
BRDA:192,7,1,0
BRDA:221,8,0,0
BRDA:221,8,1,0
BRDA:232,9,0,0
BRDA:232,9,1,0
BRDA:233,10,0,0
BRDA:233,10,1,0
BRDA:263,11,0,0
BRDA:263,11,1,0
BRDA:267,12,0,0
BRDA:267,12,1,0
BRDA:306,13,0,0
BRDA:306,13,1,0
BRDA:307,14,0,0
BRDA:307,14,1,0
BRDA:321,15,0,0
BRDA:321,15,1,0
BRDA:357,16,0,0
BRDA:357,16,1,0
BRDA:358,17,0,0
BRDA:358,17,1,0
BRDA:377,18,0,0
BRDA:377,18,1,0
BRDA:378,19,0,0
BRDA:378,19,1,0
BRDA:392,20,0,0
BRDA:392,20,1,0
BRDA:423,21,0,0
BRDA:423,21,1,0
BRDA:456,22,0,0
BRDA:456,22,1,0
BRDA:457,23,0,0
BRDA:457,23,1,0
BRDA:612,24,0,0
BRDA:612,24,1,0
BRDA:626,25,0,0
BRDA:626,25,1,0
BRDA:627,26,0,0
BRDA:627,26,1,0
BRDA:648,27,0,0
BRDA:648,27,1,0
BRDA:649,28,0,0
BRDA:649,28,1,0
BRF:58
BRH:0
end_of_record
TN:
SF:src\routes\cancellation.ts
FN:24,(anonymous_0)
FN:132,(anonymous_1)
FN:224,(anonymous_2)
FN:322,(anonymous_3)
FN:387,getJobDetails
FNF:5
FNH:0
FNDA:0,(anonymous_0)
FNDA:0,(anonymous_1)
FNDA:0,(anonymous_2)
FNDA:0,(anonymous_3)
FNDA:0,getJobDetails
DA:4,0
DA:5,0
DA:6,0
DA:7,0
DA:8,0
DA:9,0
DA:10,0
DA:12,0
DA:13,0
DA:15,0
DA:18,0
DA:24,0
DA:25,0
DA:26,0
DA:27,0
DA:29,0
DA:30,0
DA:33,0
DA:34,0
DA:41,0
DA:44,0
DA:45,0
DA:46,0
DA:50,0
DA:51,0
DA:55,0
DA:56,0
DA:59,0
DA:60,0
DA:63,0
DA:64,0
DA:70,0
DA:71,0
DA:77,0
DA:78,0
DA:79,0
DA:83,0
DA:98,0
DA:105,0
DA:120,0
DA:124,0
DA:132,0
DA:133,0
DA:134,0
DA:135,0
DA:137,0
DA:138,0
DA:141,0
DA:142,0
DA:147,0
DA:150,0
DA:151,0
DA:152,0
DA:156,0
DA:157,0
DA:161,0
DA:162,0
DA:165,0
DA:166,0
DA:168,0
DA:169,0
DA:175,0
DA:180,0
DA:195,0
DA:201,0
DA:212,0
DA:216,0
DA:224,0
DA:225,0
DA:226,0
DA:228,0
DA:229,0
DA:232,0
DA:233,0
DA:239,0
DA:240,0
DA:243,0
DA:244,0
DA:245,0
DA:249,0
DA:250,0
DA:253,0
DA:254,0
DA:257,0
DA:260,0
DA:265,0
DA:280,0
DA:286,0
DA:287,0
DA:298,0
DA:311,0
DA:314,0
DA:322,0
DA:323,0
DA:324,0
DA:326,0
DA:327,0
DA:330,0
DA:332,0
DA:333,0
DA:334,0
DA:337,0
DA:338,0
DA:339,0
DA:340,0
DA:343,0
DA:344,0
DA:345,0
DA:347,0
DA:348,0
DA:351,0
DA:352,0
DA:354,0
DA:375,0
DA:379,0
DA:395,0
DA:408,0
DA:410,0
DA:411,0
DA:421,0
LF:120
LH:0
BRDA:29,0,0,0
BRDA:29,0,1,0
BRDA:29,1,0,0
BRDA:29,1,1,0
BRDA:45,2,0,0
BRDA:45,2,1,0
BRDA:50,3,0,0
BRDA:50,3,1,0
BRDA:55,4,0,0
BRDA:55,4,1,0
BRDA:63,5,0,0
BRDA:63,5,1,0
BRDA:63,6,0,0
BRDA:63,6,1,0
BRDA:70,7,0,0
BRDA:70,7,1,0
BRDA:78,8,0,0
BRDA:78,8,1,0
BRDA:91,9,0,0
BRDA:91,9,1,0
BRDA:92,10,0,0
BRDA:92,10,1,0
BRDA:95,11,0,0
BRDA:95,11,1,0
BRDA:137,12,0,0
BRDA:137,12,1,0
BRDA:137,13,0,0
BRDA:137,13,1,0
BRDA:151,14,0,0
BRDA:151,14,1,0
BRDA:156,15,0,0
BRDA:156,15,1,0
BRDA:161,16,0,0
BRDA:161,16,1,0
BRDA:168,17,0,0
BRDA:168,17,1,0
BRDA:168,18,0,0
BRDA:168,18,1,0
BRDA:175,19,0,0
BRDA:175,19,1,0
BRDA:188,20,0,0
BRDA:188,20,1,0
BRDA:192,21,0,0
BRDA:192,21,1,0
BRDA:228,22,0,0
BRDA:228,22,1,0
BRDA:244,23,0,0
BRDA:244,23,1,0
BRDA:249,24,0,0
BRDA:249,24,1,0
BRDA:249,25,0,0
BRDA:249,25,1,0
BRDA:249,25,2,0
BRDA:253,26,0,0
BRDA:253,26,1,0
BRDA:253,27,0,0
BRDA:253,27,1,0
BRDA:253,27,2,0
BRDA:260,28,0,0
BRDA:260,28,1,0
BRDA:271,29,0,0
BRDA:271,29,1,0
BRDA:273,30,0,0
BRDA:273,30,1,0
BRDA:286,31,0,0
BRDA:286,31,1,0
BRDA:326,32,0,0
BRDA:326,32,1,0
BRDA:333,33,0,0
BRDA:333,33,1,0
BRDA:344,34,0,0
BRDA:344,34,1,0
BRDA:345,35,0,0
BRDA:345,35,1,0
BRDA:352,36,0,0
BRDA:352,36,1,0
BRDA:352,36,2,0
BRDA:367,37,0,0
BRDA:367,37,1,0
BRDA:369,38,0,0
BRDA:369,38,1,0
BRDA:408,39,0,0
BRDA:408,39,1,0
BRDA:417,40,0,0
BRDA:417,40,1,0
BRF:85
BRH:0
end_of_record
TN:
SF:src\routes\cleaner.ts
FN:45,(anonymous_9)
FN:83,(anonymous_10)
FN:113,(anonymous_11)
FN:135,(anonymous_12)
FN:157,(anonymous_13)
FN:186,(anonymous_14)
FN:219,(anonymous_15)
FN:241,(anonymous_16)
[...]
BRF:0
BRH:0
end_of_record
TN:
SF:src\tests\unit\paymentIdempotency.test.ts
FN:5,(anonymous_0)
FN:8,(anonymous_1)
FN:23,(anonymous_2)
FN:24,(anonymous_3)
FNF:4
FNH:0
FNDA:0,(anonymous_0)
FNDA:0,(anonymous_1)
FNDA:0,(anonymous_2)
FNDA:0,(anonymous_3)
DA:1,0
DA:2,0
DA:5,0
DA:6,0
DA:7,0
DA:9,0
DA:10,0
DA:11,0
DA:13,0
DA:14,0
DA:15,0
DA:16,0
DA:18,0
DA:23,0
DA:24,0
DA:25,0
DA:26,0
DA:27,0
DA:28,0
DA:29,0
LF:20
LH:0
BRDA:9,0,0,0
BRDA:9,0,1,0
BRDA:11,1,0,0
BRDA:11,1,1,0
BRDA:13,2,0,0
BRDA:13,2,1,0
BRF:6
BRH:0
end_of_record
TN:
SF:src\tests\unit\refundChargebackProcessors.test.ts
FN:9,(anonymous_0)
FN:10,(anonymous_1)
FN:16,(anonymous_2)
FN:22,(anonymous_3)
FN:23,(anonymous_4)
FN:39,(anonymous_5)
FN:40,(anonymous_6)
FN:46,(anonymous_7)
FN:66,(anonymous_8)
FN:87,(anonymous_9)
FNF:10
FNH:0
FNDA:0,(anonymous_0)
FNDA:0,(anonymous_1)
FNDA:0,(anonymous_2)
FNDA:0,(anonymous_3)
FNDA:0,(anonymous_4)
FNDA:0,(anonymous_5)
FNDA:0,(anonymous_6)
FNDA:0,(anonymous_7)
FNDA:0,(anonymous_8)
FNDA:0,(anonymous_9)
DA:1,0
DA:2,0
DA:3,0
DA:5,0
DA:6,0
DA:7,0
DA:9,0
DA:11,0
DA:12,0
DA:16,0
DA:22,0
DA:24,0
DA:25,0
DA:26,0
DA:28,0
DA:29,0
DA:30,0
DA:32,0
DA:33,0
DA:35,0
DA:39,0
DA:40,0
DA:41,0
DA:42,0
DA:43,0
DA:46,0
DA:47,0
DA:57,0
DA:63,0
DA:66,0
DA:67,0
DA:80,0
DA:86,0
DA:87,0
LF:34
LH:0
BRDA:24,0,0,0
BRDA:24,0,1,0
BRDA:28,1,0,0
BRDA:28,1,1,0
BRDA:28,2,0,0
BRDA:28,2,1,0
BRDA:32,3,0,0
BRDA:32,3,1,0
BRDA:32,4,0,0
BRDA:32,4,1,0
BRF:10
BRH:0
end_of_record
TN:
SF:src\workers\index.ts
FN:73,runWorker
FN:112,(anonymous_1)
FN:116,(anonymous_2)
FNF:3
FNH:0
FNDA:0,runWorker
FNDA:0,(anonymous_1)
FNDA:0,(anonymous_2)
DA:5,0
DA:6,0
DA:7,0
DA:8,0
DA:11,0
DA:12,0
DA:15,0
DA:18,0
DA:19,0
DA:20,0
DA:23,0
DA:24,0
DA:25,0
DA:28,0
DA:29,0
DA:30,0
DA:31,0
DA:51,0
DA:73,0
DA:75,0
DA:76,0
DA:77,0
DA:80,0
DA:81,0
DA:83,0
DA:84,0
DA:85,0
DA:86,0
DA:87,0
DA:89,0
DA:96,0
DA:99,0
DA:100,0
DA:101,0
DA:104,0
DA:108,0
DA:109,0
DA:111,0
DA:113,0
DA:114,0
DA:117,0
DA:118,0
LF:42
LH:0
BRDA:75,0,0,0
BRDA:75,0,1,0
BRDA:80,1,0,0
BRDA:80,1,1,0
BRDA:100,2,0,0
BRDA:100,2,1,0
BRDA:108,3,0,0
BRDA:108,3,1,0
BRDA:109,4,0,0
BRDA:109,4,1,0
BRF:10
BRH:0
end_of_record
TN:
SF:src\workers\_deprecated\autoPausePayouts.ts
FN:7,main
FN:33,(anonymous_1)
FNF:2
FNH:0
FNDA:0,main
FNDA:0,(anonymous_1)
DA:4,0
DA:5,0
DA:8,0
DA:9,0
DA:10,0
DA:23,0
DA:25,0
DA:26,0
DA:28,0
DA:32,0
DA:33,0
DA:34,0
DA:35,0
LF:13
LH:0
BRDA:32,0,0,0
BRDA:32,0,1,0
BRF:2
BRH:0
end_of_record
TN:
SF:src\workers\_deprecated\goalChecker.ts
FN:10,main
FN:79,(anonymous_1)
FN:83,(anonymous_2)
FNF:3
FNH:0
FNDA:0,main
FNDA:0,(anonymous_1)
FNDA:0,(anonymous_2)
DA:6,0
DA:7,0
DA:8,0
DA:11,0
DA:13,0
DA:15,0
DA:19,0
DA:20,0
DA:21,0
DA:23,0
DA:25,0
DA:26,0
DA:28,0
DA:33,0
DA:34,0
DA:35,0
DA:39,0
DA:40,0
DA:43,0
DA:51,0
DA:53,0
DA:60,0
DA:67,0
DA:71,0
DA:73,0
DA:77,0
DA:78,0
DA:80,0
DA:81,0
DA:84,0
DA:85,0
DA:89,0
LF:32
LH:0
BRDA:33,0,0,0
BRDA:33,0,1,0
BRDA:51,1,0,0
BRDA:51,1,1,0
BRDA:77,2,0,0
BRDA:77,2,1,0
BRF:6
BRH:0
end_of_record
TN:
SF:src\workers\_deprecated\kpiSnapshot.ts
FN:12,getJobCountsByStatus
FN:53,captureDailySnapshot
FN:106,getKPISnapshots
FN:122,runKPISnapshotWorker
FN:145,(anonymous_4)
FN:149,(anonymous_5)
FNF:6
FNH:0
FNDA:0,getJobCountsByStatus
FNDA:0,captureDailySnapshot
FNDA:0,getKPISnapshots
FNDA:0,runKPISnapshotWorker
FNDA:0,(anonymous_4)
FNDA:0,(anonymous_5)
DA:5,0
DA:6,0
DA:18,0
DA:21,0
DA:23,0
DA:41,0
DA:42,0
DA:53,0
DA:54,0
DA:55,0
DA:56,0
DA:57,0
DA:60,0
DA:63,0
DA:90,0
DA:92,0
DA:100,0
DA:106,0
DA:107,0
DA:116,0
DA:122,0
DA:123,0
DA:125,0
DA:126,0
DA:128,0
DA:133,0
DA:135,0
DA:138,0
DA:143,0
DA:144,0
DA:146,0
DA:147,0
DA:150,0
DA:151,0
LF:34
LH:0
BRDA:18,0,0,0
BRDA:18,0,1,0
BRDA:18,1,0,0
BRDA:18,1,1,0
BRDA:21,2,0,0
BRDA:21,2,1,0
BRDA:21,3,0,0
BRDA:21,3,1,0
BRDA:43,4,0,0
BRDA:43,4,1,0
BRDA:44,5,0,0
BRDA:44,5,1,0
BRDA:45,6,0,0
BRDA:45,6,1,0
BRDA:46,7,0,0
BRDA:46,7,1,0
BRDA:54,8,0,0
BRDA:54,8,1,0
BRDA:106,9,0,0
BRDA:143,10,0,0
BRDA:143,10,1,0
BRF:21
BRH:0
end_of_record
TN:
SF:src\workers\_deprecated\metricsSnapshot.ts
FN:10,main
FN:20,runSnapshot
FN:29,(anonymous_2)
FNF:3
FNH:0
FNDA:0,main
FNDA:0,runSnapshot
FNDA:0,(anonymous_2)
DA:4,0
DA:5,0
DA:7,0
DA:8,0
DA:11,0
DA:14,0
DA:17,0
DA:21,0
DA:22,0
DA:23,0
DA:25,0
DA:29,0
DA:30,0
DA:31,0
LF:14
LH:0
BRF:0
BRH:0
end_of_record
TN:
SF:src\workers\_deprecated\processPayouts.ts
FN:25,findCleanersWithPendingPayouts
FN:48,findPendingPayouts
FN:71,createPayoutsForCleaners
FN:89,processPendingPayouts
FN:122,runPayoutsWorker
FN:133,(anonymous_5)
FN:169,(anonymous_6)
FN:173,(anonymous_7)
FNF:8
FNH:0
FNDA:0,findCleanersWithPendingPayouts
FNDA:0,findPendingPayouts
FNDA:0,createPayoutsForCleaners
FNDA:0,processPendingPayouts
FNDA:0,runPayoutsWorker
FNDA:0,(anonymous_5)
FNDA:0,(anonymous_6)
FNDA:0,(anonymous_7)
DA:5,0
DA:6,0
DA:7,0
DA:8,0
DA:12,0
DA:13,0
DA:26,0
DA:42,0
DA:49,0
DA:63,0
DA:74,0
DA:77,0
DA:79,0
DA:80,0
DA:83,0
DA:90,0
DA:92,0
DA:93,0
DA:95,0
DA:96,0
DA:97,0
DA:98,0
DA:100,0
DA:106,0
DA:107,0
DA:115,0
DA:122,0
DA:127,0
DA:128,0
DA:130,0
DA:134,0
DA:140,0
DA:143,0
DA:145,0
DA:155,0
DA:156,0
DA:159,0
DA:167,0
DA:168,0
DA:170,0
DA:171,0
DA:174,0
DA:175,0
LF:43
LH:0
BRDA:12,0,0,0
BRDA:12,0,1,0
BRDA:13,1,0,0
BRDA:13,1,1,0
BRDA:155,2,0,0
BRDA:155,2,1,0
BRDA:160,3,0,0
BRDA:160,3,1,0
BRDA:161,4,0,0
BRDA:161,4,1,0
BRDA:162,5,0,0
BRDA:162,5,1,0
BRDA:167,6,0,0
BRDA:167,6,1,0
BRF:14
BRH:0
end_of_record
TN:
SF:src\workers\_deprecated\retryFailedEvents.ts
FN:25,findUnprocessedEvents
FN:44,retryEvent
FN:71,runRetryFailedEventsWorker
FN:109,(anonymous_3)
FN:113,(anonymous_4)
FNF:5
FNH:0
FNDA:0,findUnprocessedEvents
FNDA:0,retryEvent
FNDA:0,runRetryFailedEventsWorker
FNDA:0,(anonymous_3)
FNDA:0,(anonymous_4)
DA:5,0
DA:6,0
DA:7,0
DA:11,0
DA:12,0
DA:26,0
DA:38,0
DA:45,0
DA:47,0
DA:49,0
DA:51,0
DA:56,0
DA:58,0
DA:64,0
DA:71,0
DA:76,0
DA:81,0
DA:83,0
DA:84,0
DA:86,0
DA:87,0
DA:88,0
DA:89,0
DA:91,0
DA:95,0
DA:101,0
DA:103,0
DA:107,0
DA:108,0
DA:110,0
DA:111,0
DA:114,0
DA:115,0
LF:33
LH:0
BRDA:11,0,0,0
BRDA:11,0,1,0
BRDA:12,1,0,0
BRDA:12,1,1,0
BRDA:88,2,0,0
BRDA:88,2,1,0
BRDA:107,3,0,0
BRDA:107,3,1,0
BRF:8
BRH:0
end_of_record
TN:
SF:src\workers\_deprecated\stuckJobDetection.ts
FN:37,main
FN:97,(anonymous_10)
FN:106,(anonymous_11)
FN:180,autoHandleStuckJobs
FN:187,(anonymous_13)
FN:201,detectNoShowJobs
FN:236,calculateAlertCount
FN:249,(anonymous_16)
FN:253,(anonymous_17)
FNF:9
FNH:0
FNDA:0,main
FNDA:0,(anonymous_10)
FNDA:0,(anonymous_11)
FNDA:0,autoHandleStuckJobs
FNDA:0,(anonymous_13)
FNDA:0,detectNoShowJobs
FNDA:0,calculateAlertCount
FNDA:0,(anonymous_16)
FNDA:0,(anonymous_17)
DA:6,0
DA:7,0
DA:8,0
DA:15,0
DA:16,0
DA:17,0
DA:18,0
DA:21,0
DA:30,0
DA:32,0
DA:38,0
DA:40,0
DA:42,0
DA:45,0
DA:47,0
DA:56,0
DA:57,0
DA:69,0
DA:70,0
DA:82,0
DA:83,0
DA:95,0
DA:96,0
DA:97,0
DA:99,0
DA:100,0
DA:106,0
DA:113,0
DA:114,0
DA:124,0
DA:125,0
DA:134,0
DA:135,0
DA:136,0
DA:137,0
DA:143,0
DA:152,0
DA:154,0
DA:158,0
DA:164,0
DA:171,0
DA:173,0
DA:181,0
DA:183,0
DA:184,0
DA:187,0
DA:189,0
DA:190,0
DA:192,0
DA:202,0
DA:214,0
DA:215,0
DA:223,0
DA:237,0
DA:238,0
DA:239,0
DA:240,0
DA:241,0
DA:242,0
DA:243,0
DA:247,0
DA:248,0
DA:250,0
DA:251,0
DA:254,0
DA:255,0
DA:259,0
LF:67
LH:0
BRDA:56,0,0,0
BRDA:56,0,1,0
BRDA:69,1,0,0
BRDA:69,1,1,0
BRDA:82,2,0,0
BRDA:82,2,1,0
BRDA:95,3,0,0
BRDA:95,3,1,0
BRDA:99,4,0,0
BRDA:99,4,1,0
BRDA:113,5,0,0
BRDA:113,5,1,0
BRDA:124,6,0,0
BRDA:124,6,1,0
BRDA:135,7,0,0
BRDA:135,7,1,0
BRDA:183,8,0,0
BRDA:183,8,1,0
BRDA:183,9,0,0
BRDA:183,9,1,0
BRDA:238,10,0,0
BRDA:238,10,1,0
BRDA:239,11,0,0
BRDA:239,11,1,0
BRDA:240,12,0,0
BRDA:240,12,1,0
BRDA:241,13,0,0
BRDA:241,13,1,0
BRDA:242,14,0,0
BRDA:242,14,1,0
BRDA:247,15,0,0
BRDA:247,15,1,0
BRF:32
BRH:0
end_of_record
TN:
SF:src\workers\disabled\cleaningScores.ts
FN:10,main
FN:29,(anonymous_1)
FN:33,(anonymous_2)
FNF:3
FNH:0
FNDA:0,main
FNDA:0,(anonymous_1)
FNDA:0,(anonymous_2)
DA:6,0
DA:7,0
DA:8,0
DA:11,0
DA:13,0
DA:14,0
DA:15,0
DA:17,0
DA:21,0
DA:23,0
DA:27,0
DA:28,0
DA:30,0
DA:31,0
DA:34,0
DA:35,0
DA:39,0
LF:17
LH:0
BRDA:27,0,0,0
BRDA:27,0,1,0
BRF:2
BRH:0
end_of_record
TN:
SF:src\workers\disabled\goalChecker.ts
FN:10,main
FN:79,(anonymous_1)
FN:83,(anonymous_2)
FNF:3
FNH:0
FNDA:0,main
FNDA:0,(anonymous_1)
FNDA:0,(anonymous_2)
DA:6,0
DA:7,0
DA:8,0
DA:11,0
DA:13,0
DA:15,0
DA:19,0
DA:20,0
DA:21,0
DA:23,0
DA:25,0
DA:26,0
DA:28,0
DA:33,0
DA:34,0
DA:35,0
DA:39,0
DA:40,0
DA:43,0
DA:51,0
DA:53,0
DA:60,0
DA:67,0
DA:71,0
DA:73,0
DA:77,0
DA:78,0
DA:80,0
DA:81,0
DA:84,0
DA:85,0
DA:89,0
LF:32
LH:0
BRDA:33,0,0,0
BRDA:33,0,1,0
BRDA:51,1,0,0
BRDA:51,1,1,0
BRDA:77,2,0,0
BRDA:77,2,1,0
BRF:6
BRH:0
end_of_record
TN:
SF:src\workers\disabled\stuckJobDetection.ts
FN:37,main
FN:97,(anonymous_10)
FN:106,(anonymous_11)
FN:180,autoHandleStuckJobs
FN:187,(anonymous_13)
FN:201,detectNoShowJobs
FN:236,calculateAlertCount
FN:249,(anonymous_16)
FN:253,(anonymous_17)
FNF:9
FNH:0
FNDA:0,main
FNDA:0,(anonymous_10)
FNDA:0,(anonymous_11)
FNDA:0,autoHandleStuckJobs
FNDA:0,(anonymous_13)
FNDA:0,detectNoShowJobs
FNDA:0,calculateAlertCount
FNDA:0,(anonymous_16)
FNDA:0,(anonymous_17)
DA:6,0
DA:7,0
DA:8,0
DA:15,0
DA:16,0
DA:17,0
DA:18,0
DA:21,0
DA:30,0
DA:32,0
DA:38,0
DA:40,0
DA:42,0
DA:45,0
DA:47,0
DA:56,0
DA:57,0
DA:69,0
DA:70,0
DA:82,0
DA:83,0
DA:95,0
DA:96,0
DA:97,0
DA:99,0
DA:100,0
DA:106,0
DA:113,0
DA:114,0
DA:124,0
DA:125,0
DA:134,0
DA:135,0
DA:136,0
DA:137,0
DA:143,0
DA:152,0
DA:154,0
DA:158,0
DA:164,0
DA:171,0
DA:173,0
DA:181,0
DA:183,0
DA:184,0
DA:187,0
DA:189,0
DA:190,0
DA:192,0
DA:202,0
DA:214,0
DA:215,0
DA:223,0
DA:237,0
DA:238,0
DA:239,0
DA:240,0
DA:241,0
DA:242,0
DA:243,0
DA:247,0
DA:248,0
DA:250,0
DA:251,0
DA:254,0
DA:255,0
DA:259,0
LF:67
LH:0
BRDA:56,0,0,0
BRDA:56,0,1,0
BRDA:69,1,0,0
BRDA:69,1,1,0
BRDA:82,2,0,0
BRDA:82,2,1,0
BRDA:95,3,0,0
BRDA:95,3,1,0
BRDA:99,4,0,0
BRDA:99,4,1,0
BRDA:113,5,0,0
BRDA:113,5,1,0
BRDA:124,6,0,0
BRDA:124,6,1,0
BRDA:135,7,0,0
BRDA:135,7,1,0
BRDA:183,8,0,0
BRDA:183,8,1,0
BRDA:183,9,0,0
BRDA:183,9,1,0
BRDA:238,10,0,0
BRDA:238,10,1,0
BRDA:239,11,0,0
BRDA:239,11,1,0
BRDA:240,12,0,0
BRDA:240,12,1,0
BRDA:241,13,0,0
BRDA:241,13,1,0
BRDA:242,14,0,0
BRDA:242,14,1,0
BRDA:247,15,0,0
BRDA:247,15,1,0
BRF:32
BRH:0
end_of_record
TN:
SF:src\workers\reliability\cleaningScores.ts
FN:10,main
FN:29,(anonymous_1)
FN:33,(anonymous_2)
FNF:3
FNH:0
FNDA:0,main
FNDA:0,(anonymous_1)
FNDA:0,(anonymous_2)
DA:6,0
DA:7,0
DA:8,0
DA:11,0
DA:13,0
DA:14,0
DA:15,0
DA:17,0
DA:21,0
DA:23,0
DA:27,0
DA:28,0
DA:30,0
DA:31,0
DA:34,0
DA:35,0
DA:39,0
LF:17
LH:0
BRDA:27,0,0,0
BRDA:27,0,1,0
BRF:2
BRH:0
end_of_record
TN:
SF:src\workers\reliability\nightlyScoreRecompute.ts
FN:26,runNightlyScoreRecompute
FN:83,(anonymous_1)
FN:87,(anonymous_2)
FNF:3
FNH:0
FNDA:0,runNightlyScoreRecompute
FNDA:0,(anonymous_1)
FNDA:0,(anonymous_2)
DA:11,0
DA:12,0
DA:13,0
DA:14,0
DA:15,0
DA:26,0
DA:27,0
DA:29,0
DA:31,0
DA:40,0
DA:43,0
DA:44,0
DA:47,0
DA:48,0
DA:51,0
DA:52,0
DA:55,0
DA:56,0
DA:59,0
DA:60,0
DA:63,0
DA:67,0
DA:70,0
DA:72,0
DA:77,0
DA:81,0
DA:82,0
DA:84,0
DA:85,0
DA:88,0
DA:89,0
LF:31
LH:0
BRDA:81,0,0,0
BRDA:81,0,1,0
BRF:2
BRH:0
end_of_record
TN:
SF:src\workers\reliability\reliabilityRecalc.ts
FN:16,main
FN:26,(anonymous_1)
FN:32,(anonymous_2)
FN:60,(anonymous_3)
FN:64,(anonymous_4)
FNF:5
FNH:0
FNDA:0,main
FNDA:0,(anonymous_1)
FNDA:0,(anonymous_2)
FNDA:0,(anonymous_3)
FNDA:0,(anonymous_4)
DA:9,0
DA:10,0
DA:11,0
DA:17,0
DA:21,0
DA:22,0
DA:25,0
DA:26,0
DA:29,0
DA:30,0
DA:32,0
DA:41,0
DA:47,0
DA:51,0
DA:53,0
DA:58,0
DA:59,0
DA:61,0
DA:62,0
DA:65,0
DA:66,0
DA:70,0
LF:22
LH:0
BRDA:29,0,0,0
BRDA:29,0,1,0
BRDA:58,1,0,0
BRDA:58,1,1,0
BRF:4
BRH:0
end_of_record
TN:
SF:src\workers\v1-core\autoCancelJobs.ts
FN:27,findJobsToCancel
FN:46,cancelJob
FN:100,runAutoCancelWorker
FN:132,(anonymous_3)
FN:136,(anonymous_4)
FNF:5
FNH:0
FNDA:0,findJobsToCancel
FNDA:0,cancelJob
FNDA:0,runAutoCancelWorker
FNDA:0,(anonymous_3)
FNDA:0,(anonymous_4)
DA:5,0
DA:6,0
DA:7,0
DA:8,0
DA:11,0
DA:12,0
DA:28,0
DA:40,0
DA:47,0
DA:49,0
DA:61,0
DA:62,0
DA:70,0
DA:82,0
DA:89,0
DA:93,0
DA:100,0
DA:101,0
DA:106,0
DA:108,0
DA:109,0
DA:111,0
DA:112,0
DA:113,0
DA:114,0
DA:116,0
DA:120,0
DA:126,0
DA:130,0
DA:131,0
DA:133,0
DA:134,0
DA:137,0
DA:138,0
LF:34
LH:0
BRDA:11,0,0,0
BRDA:11,0,1,0
BRDA:61,1,0,0
BRDA:61,1,1,0
BRDA:130,2,0,0
BRDA:130,2,1,0
BRF:6
BRH:0
end_of_record
TN:
SF:src\workers\v1-core\autoExpireAwaitingApproval.ts
FN:33,findJobsToAutoApprove
FN:55,autoApproveJob
FN:116,runAutoExpireWorker
FN:148,(anonymous_3)
FN:153,(anonymous_4)
FNF:5
FNH:0
FNDA:0,findJobsToAutoApprove
FNDA:0,autoApproveJob
FNDA:0,runAutoExpireWorker
FNDA:0,(anonymous_3)
FNDA:0,(anonymous_4)
DA:8,0
DA:9,0
DA:10,0
DA:11,0
DA:12,0
DA:16,0
DA:17,0
DA:34,0
DA:46,0
DA:56,0
DA:58,0
DA:71,0
DA:72,0
DA:75,0
DA:80,0
DA:84,0
DA:97,0
DA:105,0
DA:109,0
DA:116,0
DA:117,0
DA:122,0
DA:124,0
DA:125,0
DA:127,0
DA:128,0
DA:129,0
DA:130,0
DA:132,0
DA:136,0
DA:142,0
DA:146,0
DA:147,0
DA:149,0
DA:150,0
DA:151,0
DA:154,0
DA:155,0
DA:156,0
LF:39
LH:0
BRDA:16,0,0,0
BRDA:16,0,1,0
BRDA:71,1,0,0
BRDA:71,1,1,0
BRDA:71,2,0,0
BRDA:71,2,1,0
BRDA:146,3,0,0
BRDA:146,3,1,0
BRF:8
BRH:0
end_of_record
TN:
SF:src\workers\v1-core\payoutWeekly.ts
FN:15,main
FN:48,(anonymous_1)
FN:52,(anonymous_2)
FNF:3
FNH:0
FNDA:0,main
FNDA:0,(anonymous_1)
FNDA:0,(anonymous_2)
DA:8,0
DA:9,0
DA:10,0
DA:16,0
DA:20,0
DA:21,0
DA:23,0
DA:29,0
DA:31,0
DA:34,0
DA:38,0
DA:41,0
DA:46,0
DA:47,0
DA:49,0
DA:50,0
DA:53,0
DA:54,0
DA:58,0
LF:19
LH:0
BRDA:29,0,0,0
BRDA:29,0,1,0
BRDA:29,1,0,0
BRDA:29,1,1,0
BRDA:46,2,0,0
BRDA:46,2,1,0
BRF:6
BRH:0
end_of_record
TN:
SF:src\workers\v1-core\retryFailedNotifications.ts
FN:35,retryFailedNotifications
FN:136,cleanupOldFailures
FN:162,main
FN:194,(anonymous_3)
FN:198,(anonymous_4)
FNF:5
FNH:0
FNDA:0,retryFailedNotifications
FNDA:0,cleanupOldFailures
FNDA:0,main
FNDA:0,(anonymous_3)
FNDA:0,(anonymous_4)
DA:7,0
DA:8,0
DA:9,0
DA:10,0
DA:13,0
DA:14,0
DA:41,0
DA:52,0
DA:53,0
DA:54,0
DA:57,0
DA:61,0
DA:62,0
DA:64,0
DA:65,0
DA:67,0
DA:69,0
DA:79,0
DA:81,0
DA:82,0
DA:84,0
DA:92,0
DA:102,0
DA:105,0
DA:106,0
DA:112,0
DA:122,0
DA:126,0
DA:137,0
DA:150,0
DA:152,0
DA:153,0
DA:156,0
DA:163,0
DA:168,0
DA:170,0
DA:173,0
DA:175,0
DA:180,0
DA:184,0
DA:187,0
DA:192,0
DA:193,0
DA:195,0
DA:196,0
DA:199,0
DA:200,0
DA:204,0
LF:48
LH:0
BRDA:52,0,0,0
BRDA:52,0,1,0
BRDA:67,1,0,0
BRDA:67,1,1,0
BRDA:70,2,0,0
BRDA:70,2,1,0
BRDA:79,3,0,0
BRDA:79,3,1,0
BRDA:150,4,0,0
BRDA:150,4,1,0
BRDA:152,5,0,0
BRDA:152,5,1,0
BRDA:192,6,0,0
BRDA:192,6,1,0
BRF:14
BRH:0
end_of_record
TN:
SF:src\workers\v1-core\webhookRetry.ts
FN:21,main
FN:61,(anonymous_1)
FN:65,(anonymous_2)
FNF:3
FNH:0
FNDA:0,main
FNDA:0,(anonymous_1)
FNDA:0,(anonymous_2)
DA:7,0
DA:8,0
DA:9,0
DA:15,0
DA:16,0
DA:22,0
DA:27,0
DA:29,0
DA:30,0
DA:33,0
DA:36,0
DA:39,0
DA:41,0
DA:48,0
DA:52,0
DA:54,0
DA:59,0
DA:60,0
DA:62,0
DA:63,0
DA:66,0
DA:67,0
DA:71,0
LF:23
LH:0
BRDA:59,0,0,0
BRDA:59,0,1,0
BRF:2
BRH:0
end_of_record
TN:
SF:src\workers\v2-operations\backupDaily.ts
FN:16,main
FN:70,(anonymous_1)
FN:74,(anonymous_2)
FNF:3
FNH:0
FNDA:0,main
FNDA:0,(anonymous_1)
FNDA:0,(anonymous_2)
DA:9,0
DA:10,0
DA:11,0
DA:17,0
DA:21,0
DA:23,0
DA:26,0
DA:29,0
DA:30,0
DA:32,0
DA:42,0
DA:44,0
DA:56,0
DA:60,0
DA:63,0
DA:68,0
DA:69,0
DA:71,0
DA:72,0
DA:75,0
DA:76,0
DA:80,0
LF:22
LH:0
BRDA:29,0,0,0
BRDA:29,0,1,0
BRDA:35,1,0,0
BRDA:35,1,1,0
BRDA:36,2,0,0
BRDA:36,2,1,0
BRDA:37,3,0,0
BRDA:37,3,1,0
BRDA:68,4,0,0
BRDA:68,4,1,0
BRF:10
BRH:0
end_of_record
TN:
SF:src\workers\v2-operations\creditEconomyMaintenance.ts
FN:18,main
FN:32,(anonymous_1)
FN:37,(anonymous_2)
FN:66,(anonymous_3)
FN:70,(anonymous_4)
FNF:5
FNH:0
FNDA:0,main
FNDA:0,(anonymous_1)
FNDA:0,(anonymous_2)
FNDA:0,(anonymous_3)
FNDA:0,(anonymous_4)
DA:6,0
DA:7,0
DA:8,0
DA:19,0
DA:21,0
DA:23,0
DA:24,0
DA:27,0
DA:28,0
DA:31,0
DA:32,0
DA:34,0
DA:35,0
DA:37,0
DA:46,0
DA:53,0
DA:57,0
DA:59,0
DA:64,0
DA:65,0
DA:67,0
DA:68,0
DA:71,0
DA:72,0
DA:76,0
LF:25
LH:0
BRDA:34,0,0,0
BRDA:34,0,1,0
BRDA:64,1,0,0
BRDA:64,1,1,0
BRF:4
BRH:0
end_of_record
TN:
SF:src\workers\v2-operations\payoutReconciliation.ts
FN:10,main
FN:46,(anonymous_1)
FNF:2
FNH:0
FNDA:0,main
FNDA:0,(anonymous_1)
DA:4,0
DA:5,0
DA:6,0
DA:7,0
DA:8,0
DA:11,0
DA:12,0
DA:13,0
DA:14,0
DA:15,0
DA:22,0
DA:23,0
DA:31,0
DA:35,0
DA:39,0
DA:41,0
DA:45,0
DA:46,0
DA:47,0
DA:48,0
LF:20
LH:0
BRDA:22,0,0,0
BRDA:22,0,1,0
BRDA:45,1,0,0
BRDA:45,1,1,0
BRF:4
BRH:0
end_of_record
TN:
SF:src\workers\v2-operations\payoutRetry.ts
FN:13,main
FN:34,(anonymous_1)
FN:38,(anonymous_2)
FNF:3
FNH:0
FNDA:0,main
FNDA:0,(anonymous_1)
FNDA:0,(anonymous_2)
DA:6,0
DA:7,0
DA:8,0
DA:14,0
DA:16,0
DA:17,0
DA:19,0
DA:21,0
DA:25,0
DA:27,0
DA:32,0
DA:33,0
DA:35,0
DA:36,0
DA:39,0
DA:40,0
DA:44,0
LF:17
LH:0
BRDA:32,0,0,0
BRDA:32,0,1,0
BRF:2
BRH:0
end_of_record
TN:
SF:src\workers\v2-operations\photoRetentionCleanup.ts
FN:26,findExpiredPhotos
FN:51,deletePhotoRecord
FN:77,runPhotoRetentionCleanup
FN:123,getPhotoRetentionStats
FNF:4
FNH:0
FNDA:0,findExpiredPhotos
FNDA:0,deletePhotoRecord
FNDA:0,runPhotoRetentionCleanup
FNDA:0,getPhotoRetentionStats
DA:8,0
DA:9,0
DA:10,0
DA:12,0
DA:27,0
DA:29,0
DA:44,0
DA:52,0
DA:53,0
DA:58,0
DA:65,0
DA:69,0
DA:77,0
DA:81,0
DA:86,0
DA:87,0
DA:88,0
DA:90,0
DA:91,0
DA:93,0
DA:94,0
DA:95,0
DA:98,0
DA:99,0
DA:100,0
DA:101,0
DA:103,0
DA:108,0
DA:111,0
DA:117,0
DA:123,0
DA:129,0
DA:131,0
DA:158,0
DA:159,0
LF:35
LH:0
BRDA:93,0,0,0
BRDA:93,0,1,0
BRDA:160,1,0,0
BRDA:160,1,1,0
BRDA:161,2,0,0
BRDA:161,2,1,0
BRDA:162,3,0,0
BRDA:162,3,1,0
BRDA:163,4,0,0
BRDA:163,4,1,0
BRF:10
BRH:0
end_of_record
TN:
SF:src\workers\v2-operations\queueProcessor.ts
FN:17,(anonymous_0)
FN:38,(anonymous_1)
FN:48,(anonymous_2)
FN:63,processAllQueues
FN:78,main
FN:82,(anonymous_5)
FN:91,(anonymous_6)
FN:96,(anonymous_7)
FN:102,(anonymous_8)
FN:113,(anonymous_9)
FNF:10
FNH:0
FNDA:0,(anonymous_0)
FNDA:0,(anonymous_1)
FNDA:0,(anonymous_2)
FNDA:0,processAllQueues
FNDA:0,main
FNDA:0,(anonymous_5)
FNDA:0,(anonymous_6)
FNDA:0,(anonymous_7)
FNDA:0,(anonymous_8)
FNDA:0,(anonymous_9)
DA:6,0
DA:7,0
DA:8,0
DA:9,0
DA:10,0
DA:17,0
DA:28,0
DA:38,0
DA:42,0
DA:43,0
DA:48,0
DA:52,0
DA:53,0
DA:61,0
DA:64,0
DA:66,0
DA:67,0
DA:68,0
DA:69,0
DA:70,0
DA:73,0
DA:79,0
DA:82,0
DA:83,0
DA:84,0
DA:85,0
DA:87,0
DA:91,0
DA:96,0
DA:97,0
DA:98,0
DA:99,0
DA:102,0
DA:103,0
DA:104,0
DA:105,0
DA:108,0
DA:112,0
DA:113,0
DA:114,0
DA:115,0
DA:119,0
LF:42
LH:0
BRDA:69,0,0,0
BRDA:69,0,1,0
BRDA:112,1,0,0
BRDA:112,1,1,0
BRF:4
BRH:0
end_of_record
TN:
SF:src\workers\v3-automation\subscriptionJobs.ts
FN:17,main
FN:93,(anonymous_1)
FN:97,(anonymous_2)
FNF:3
FNH:0
FNDA:0,main
FNDA:0,(anonymous_1)
FNDA:0,(anonymous_2)
DA:6,0
DA:7,0
DA:8,0
DA:12,0
DA:18,0
DA:20,0
DA:21,0
DA:22,0
DA:24,0
DA:25,0
DA:27,0
DA:28,0
DA:30,0
DA:31,0
DA:32,0
DA:33,0
DA:35,0
DA:38,0
DA:39,0
DA:42,0
DA:53,0
DA:54,0
DA:61,0
DA:63,0
DA:64,0
DA:70,0
DA:71,0
DA:78,0
DA:80,0
DA:84,0
DA:86,0
DA:91,0
DA:92,0
DA:94,0
DA:95,0
DA:98,0
DA:99,0
DA:103,0
LF:38
LH:0
BRDA:31,0,0,0
BRDA:31,0,1,0
BRDA:47,1,0,0
BRDA:47,1,1,0
BRDA:48,2,0,0
BRDA:48,2,1,0
BRDA:53,3,0,0
BRDA:53,3,1,0
BRDA:91,4,0,0
BRDA:91,4,1,0
BRF:10
BRH:0
end_of_record
TN:
SF:src\workers\v4-analytics\expireBoosts.ts
FN:13,main
FN:34,(anonymous_1)
FN:38,(anonymous_2)
FNF:3
FNH:0
FNDA:0,main
FNDA:0,(anonymous_1)
FNDA:0,(anonymous_2)
DA:6,0
DA:7,0
DA:8,0
DA:14,0
DA:16,0
DA:17,0
DA:19,0
DA:21,0
DA:25,0
DA:27,0
DA:32,0
DA:33,0
DA:35,0
DA:36,0
DA:39,0
DA:40,0
DA:44,0
LF:17
LH:0
BRDA:32,0,0,0
BRDA:32,0,1,0
BRF:2
BRH:0
end_of_record
TN:
SF:src\workers\v4-analytics\kpiDailySnapshot.ts
FN:16,main
FN:55,(anonymous_1)
FN:59,(anonymous_2)
FNF:3
FNH:0
FNDA:0,main
FNDA:0,(anonymous_1)
FNDA:0,(anonymous_2)
DA:9,0
DA:10,0
DA:11,0
DA:17,0
DA:21,0
DA:23,0
DA:26,0
DA:28,0
DA:41,0
DA:45,0
DA:48,0
DA:53,0
DA:54,0
DA:56,0
DA:57,0
DA:60,0
DA:61,0
DA:65,0
LF:18
LH:0
BRDA:53,0,0,0
BRDA:53,0,1,0
BRF:2
BRH:0
end_of_record
TN:
SF:src\workers\v4-analytics\weeklySummary.ts
FN:17,main
FN:58,(anonymous_1)
FN:62,(anonymous_2)
FNF:3
FNH:0
FNDA:0,main
FNDA:0,(anonymous_1)
FNDA:0,(anonymous_2)
DA:6,0
DA:7,0
DA:8,0
DA:18,0
DA:20,0
DA:25,0
DA:27,0
DA:28,0
DA:29,0
DA:32,0
DA:33,0
DA:34,0
DA:36,0
DA:45,0
DA:49,0
DA:51,0
DA:56,0
DA:57,0
DA:59,0
DA:60,0
DA:63,0
DA:64,0
DA:68,0
LF:23
LH:0
BRDA:56,0,0,0
BRDA:56,0,1,0
BRF:2
BRH:0
end_of_record
